[4.911s] Invoking command in '/home/akhil/turtlebot3_ws/build/turtlebot3_example': AMENT_PREFIX_PATH=/home/akhil/turtlebot3_ws/install/turtlebot3_msgs:${AMENT_PREFIX_PATH} CMAKE_PREFIX_PATH=/home/akhil/turtlebot3_ws/install/turtlebot3_msgs:${CMAKE_PREFIX_PATH} DEBUGINFOD_URLS=https://debuginfod.ubuntu.com LD_LIBRARY_PATH=/home/akhil/turtlebot3_ws/install/turtlebot3_msgs/lib:${LD_LIBRARY_PATH} PYTHONPATH=/home/akhil/turtlebot3_ws/build/turtlebot3_example/prefix_override:/usr/lib/python3/dist-packages/colcon_core/task/python/colcon_distutils_commands:/home/akhil/turtlebot3_ws/install/turtlebot3_example/lib/python3.12/site-packages:/home/akhil/turtlebot3_ws/install/turtlebot3_msgs/lib/python3.12/site-packages:${PYTHONPATH} /usr/bin/python3 -W ignore:setup.py install is deprecated -W ignore:easy_install command is deprecated setup.py develop --editable --build-directory /home/akhil/turtlebot3_ws/build/turtlebot3_example/build --no-deps symlink_data
[6.679s] running develop
[9.945s] running egg_info
[9.946s] creating turtlebot3_example.egg-info
[10.527s] writing turtlebot3_example.egg-info/PKG-INFO
[10.532s] writing dependency_links to turtlebot3_example.egg-info/dependency_links.txt
[10.533s] writing entry points to turtlebot3_example.egg-info/entry_points.txt
[10.534s] writing requirements to turtlebot3_example.egg-info/requires.txt
[10.539s] writing top-level names to turtlebot3_example.egg-info/top_level.txt
[10.539s] writing manifest file 'turtlebot3_example.egg-info/SOURCES.txt'
[11.392s] reading manifest file 'turtlebot3_example.egg-info/SOURCES.txt'
[11.399s] writing manifest file 'turtlebot3_example.egg-info/SOURCES.txt'
[11.738s] running build_ext
[11.739s] Creating /home/akhil/turtlebot3_ws/install/turtlebot3_example/lib/python3.12/site-packages/turtlebot3-example.egg-link (link to .)
[11.745s] Installing turtlebot3_absolute_move script to /home/akhil/turtlebot3_ws/install/turtlebot3_example/lib/turtlebot3_example
[11.746s] Installing turtlebot3_interactive_marker script to /home/akhil/turtlebot3_ws/install/turtlebot3_example/lib/turtlebot3_example
[11.747s] Installing turtlebot3_obstacle_detection script to /home/akhil/turtlebot3_ws/install/turtlebot3_example/lib/turtlebot3_example
[11.750s] Installing turtlebot3_patrol_client script to /home/akhil/turtlebot3_ws/install/turtlebot3_example/lib/turtlebot3_example
[11.750s] Installing turtlebot3_patrol_server script to /home/akhil/turtlebot3_ws/install/turtlebot3_example/lib/turtlebot3_example
[11.753s] Installing turtlebot3_relative_move script to /home/akhil/turtlebot3_ws/install/turtlebot3_example/lib/turtlebot3_example
[11.754s] 
[11.755s] Installed /home/akhil/turtlebot3_ws/build/turtlebot3_example
[11.757s] running symlink_data
[11.766s] creating /home/akhil/turtlebot3_ws/install/turtlebot3_example/share/ament_index
[11.766s] creating /home/akhil/turtlebot3_ws/install/turtlebot3_example/share/ament_index/resource_index
[11.769s] creating /home/akhil/turtlebot3_ws/install/turtlebot3_example/share/ament_index/resource_index/packages
[11.770s] symbolically linking /home/akhil/turtlebot3_ws/build/turtlebot3_example/resource/turtlebot3_example -> /home/akhil/turtlebot3_ws/install/turtlebot3_example/share/ament_index/resource_index/packages
[11.774s] symbolically linking /home/akhil/turtlebot3_ws/build/turtlebot3_example/package.xml -> /home/akhil/turtlebot3_ws/install/turtlebot3_example/share/turtlebot3_example
[11.965s] Invoked command in '/home/akhil/turtlebot3_ws/build/turtlebot3_example' returned '0': AMENT_PREFIX_PATH=/home/akhil/turtlebot3_ws/install/turtlebot3_msgs:${AMENT_PREFIX_PATH} CMAKE_PREFIX_PATH=/home/akhil/turtlebot3_ws/install/turtlebot3_msgs:${CMAKE_PREFIX_PATH} DEBUGINFOD_URLS=https://debuginfod.ubuntu.com LD_LIBRARY_PATH=/home/akhil/turtlebot3_ws/install/turtlebot3_msgs/lib:${LD_LIBRARY_PATH} PYTHONPATH=/home/akhil/turtlebot3_ws/build/turtlebot3_example/prefix_override:/usr/lib/python3/dist-packages/colcon_core/task/python/colcon_distutils_commands:/home/akhil/turtlebot3_ws/install/turtlebot3_example/lib/python3.12/site-packages:/home/akhil/turtlebot3_ws/install/turtlebot3_msgs/lib/python3.12/site-packages:${PYTHONPATH} /usr/bin/python3 -W ignore:setup.py install is deprecated -W ignore:easy_install command is deprecated setup.py develop --editable --build-directory /home/akhil/turtlebot3_ws/build/turtlebot3_example/build --no-deps symlink_data
