[0.098s] Invoking command in '/home/akhil/turtlebot3_ws/build/dynamixel_sdk': CMAKE_PREFIX_PATH=${CMAKE_PREFIX_PATH}:/opt/ros/jazzy DEBUGINFOD_URLS=https://debuginfod.ubuntu.com /usr/bin/cmake /home/akhil/turtlebot3_ws/src/DynamixelSDK/ros/dynamixel_sdk -DAMENT_CMAKE_SYMLINK_INSTALL=1 -DCMAKE_INSTALL_PREFIX=/home/akhil/turtlebot3_ws/install/dynamixel_sdk
[0.541s] -- The C compiler identification is GNU 13.3.0
[0.945s] -- The CXX compiler identification is GNU 13.3.0
[1.087s] -- Detecting C compiler ABI info
[1.762s] -- Detecting C compiler ABI info - done
[1.859s] -- Check for working C compiler: /usr/bin/cc - skipped
[1.859s] -- Detecting C compile features
[1.862s] -- Detecting C compile features - done
[1.922s] -- Detecting CXX compiler ABI info
[2.567s] -- Detecting CXX compiler ABI info - done
[2.642s] -- Check for working CXX compiler: /usr/bin/c++ - skipped
[2.647s] -- Detecting CXX compile features
[2.648s] -- Detecting CXX compile features - done
[2.714s] -- Found ament_cmake: 2.5.4 (/opt/ros/jazzy/share/ament_cmake/cmake)
[3.852s] -- Found Python3: /usr/bin/python3 (found version "3.12.3") found components: Interpreter 
[4.349s] -- Override CMake install command with custom implementation using symlinks instead of copying resources
[6.058s] -- Configuring done (5.9s)
[6.116s] -- Generating done (0.0s)
[6.132s] -- Build files have been written to: /home/akhil/turtlebot3_ws/build/dynamixel_sdk
[6.160s] Invoked command in '/home/akhil/turtlebot3_ws/build/dynamixel_sdk' returned '0': CMAKE_PREFIX_PATH=${CMAKE_PREFIX_PATH}:/opt/ros/jazzy DEBUGINFOD_URLS=https://debuginfod.ubuntu.com /usr/bin/cmake /home/akhil/turtlebot3_ws/src/DynamixelSDK/ros/dynamixel_sdk -DAMENT_CMAKE_SYMLINK_INSTALL=1 -DCMAKE_INSTALL_PREFIX=/home/akhil/turtlebot3_ws/install/dynamixel_sdk
[6.162s] Invoking command in '/home/akhil/turtlebot3_ws/build/dynamixel_sdk': CMAKE_PREFIX_PATH=${CMAKE_PREFIX_PATH}:/opt/ros/jazzy DEBUGINFOD_URLS=https://debuginfod.ubuntu.com /usr/bin/cmake --build /home/akhil/turtlebot3_ws/build/dynamixel_sdk -- -j8 -l8
[6.542s] [  7%] [32mBuilding CXX object CMakeFiles/dynamixel_sdk.dir/src/dynamixel_sdk/group_sync_write.cpp.o[0m
[6.593s] [ 15%] [32mBuilding CXX object CMakeFiles/dynamixel_sdk.dir/src/dynamixel_sdk/group_bulk_write.cpp.o[0m
[6.626s] [ 23%] [32mBuilding CXX object CMakeFiles/dynamixel_sdk.dir/src/dynamixel_sdk/protocol2_packet_handler.cpp.o[0m
[6.631s] [ 30%] [32mBuilding CXX object CMakeFiles/dynamixel_sdk.dir/src/dynamixel_sdk/packet_handler.cpp.o[0m
[6.632s] [ 46%] [32mBuilding CXX object CMakeFiles/dynamixel_sdk.dir/src/dynamixel_sdk/protocol1_packet_handler.cpp.o[0m
[6.640s] [ 38%] [32mBuilding CXX object CMakeFiles/dynamixel_sdk.dir/src/dynamixel_sdk/group_sync_read.cpp.o[0m
[6.647s] [ 46%] Built target ament_cmake_python_symlink_dynamixel_sdk
[6.649s] [ 53%] [32mBuilding CXX object CMakeFiles/dynamixel_sdk.dir/src/dynamixel_sdk/group_bulk_read.cpp.o[0m
[8.826s] [ 61%] [32mBuilding CXX object CMakeFiles/dynamixel_sdk.dir/src/dynamixel_sdk/group_fast_bulk_read.cpp.o[0m
[8.937s] running egg_info
[8.943s] creating dynamixel_sdk.egg-info
[9.270s] writing dynamixel_sdk.egg-info/PKG-INFO
[9.272s] writing dependency_links to dynamixel_sdk.egg-info/dependency_links.txt
[9.273s] writing top-level names to dynamixel_sdk.egg-info/top_level.txt
[9.273s] writing manifest file 'dynamixel_sdk.egg-info/SOURCES.txt'
[9.305s] [ 69%] [32mBuilding CXX object CMakeFiles/dynamixel_sdk.dir/src/dynamixel_sdk/group_fast_sync_read.cpp.o[0m
[10.071s] reading manifest file 'dynamixel_sdk.egg-info/SOURCES.txt'
[10.075s] writing manifest file 'dynamixel_sdk.egg-info/SOURCES.txt'
[10.272s] [ 76%] [32mBuilding CXX object CMakeFiles/dynamixel_sdk.dir/src/dynamixel_sdk/group_handler.cpp.o[0m
[10.313s] [ 76%] Built target ament_cmake_python_build_dynamixel_sdk_egg
[10.405s] [ 84%] [32mBuilding CXX object CMakeFiles/dynamixel_sdk.dir/src/dynamixel_sdk/port_handler.cpp.o[0m
[10.423s] [ 92%] [32mBuilding CXX object CMakeFiles/dynamixel_sdk.dir/src/dynamixel_sdk/port_handler_linux.cpp.o[0m
[11.848s] [100%] [32m[1mLinking CXX shared library libdynamixel_sdk.so[0m
[12.306s] [100%] Built target dynamixel_sdk
[12.367s] Invoked command in '/home/akhil/turtlebot3_ws/build/dynamixel_sdk' returned '0': CMAKE_PREFIX_PATH=${CMAKE_PREFIX_PATH}:/opt/ros/jazzy DEBUGINFOD_URLS=https://debuginfod.ubuntu.com /usr/bin/cmake --build /home/akhil/turtlebot3_ws/build/dynamixel_sdk -- -j8 -l8
[12.372s] Invoking command in '/home/akhil/turtlebot3_ws/build/dynamixel_sdk': CMAKE_PREFIX_PATH=${CMAKE_PREFIX_PATH}:/opt/ros/jazzy DEBUGINFOD_URLS=https://debuginfod.ubuntu.com /usr/bin/cmake --install /home/akhil/turtlebot3_ws/build/dynamixel_sdk
[12.410s] -- Install configuration: ""
[12.411s] -- Execute custom install script
[12.413s] -- Symlinking: /home/akhil/turtlebot3_ws/install/dynamixel_sdk/include//dynamixel_sdk/dynamixel_sdk.h
[12.452s] -- Symlinking: /home/akhil/turtlebot3_ws/install/dynamixel_sdk/include//dynamixel_sdk/group_bulk_read.h
[12.492s] -- Symlinking: /home/akhil/turtlebot3_ws/install/dynamixel_sdk/include//dynamixel_sdk/group_bulk_write.h
[12.532s] -- Symlinking: /home/akhil/turtlebot3_ws/install/dynamixel_sdk/include//dynamixel_sdk/group_fast_bulk_read.h
[12.570s] -- Symlinking: /home/akhil/turtlebot3_ws/install/dynamixel_sdk/include//dynamixel_sdk/group_fast_sync_read.h
[12.615s] -- Symlinking: /home/akhil/turtlebot3_ws/install/dynamixel_sdk/include//dynamixel_sdk/group_handler.h
[12.656s] -- Symlinking: /home/akhil/turtlebot3_ws/install/dynamixel_sdk/include//dynamixel_sdk/group_sync_read.h
[12.699s] -- Symlinking: /home/akhil/turtlebot3_ws/install/dynamixel_sdk/include//dynamixel_sdk/group_sync_write.h
[12.737s] -- Symlinking: /home/akhil/turtlebot3_ws/install/dynamixel_sdk/include//dynamixel_sdk/packet_handler.h
[12.775s] -- Symlinking: /home/akhil/turtlebot3_ws/install/dynamixel_sdk/include//dynamixel_sdk/port_handler.h
[12.817s] -- Symlinking: /home/akhil/turtlebot3_ws/install/dynamixel_sdk/include//dynamixel_sdk/port_handler_arduino.h
[12.859s] -- Symlinking: /home/akhil/turtlebot3_ws/install/dynamixel_sdk/include//dynamixel_sdk/port_handler_linux.h
[12.901s] -- Symlinking: /home/akhil/turtlebot3_ws/install/dynamixel_sdk/include//dynamixel_sdk/port_handler_mac.h
[12.948s] -- Symlinking: /home/akhil/turtlebot3_ws/install/dynamixel_sdk/include//dynamixel_sdk/port_handler_windows.h
[12.997s] -- Symlinking: /home/akhil/turtlebot3_ws/install/dynamixel_sdk/include//dynamixel_sdk/protocol1_packet_handler.h
[13.042s] -- Symlinking: /home/akhil/turtlebot3_ws/install/dynamixel_sdk/include//dynamixel_sdk/protocol2_packet_handler.h
[13.082s] -- Symlinking: /home/akhil/turtlebot3_ws/install/dynamixel_sdk/share/dynamixel_sdk/environment/pythonpath.sh
[13.129s] -- Symlinking: /home/akhil/turtlebot3_ws/install/dynamixel_sdk/share/dynamixel_sdk/environment/pythonpath.dsv
[13.170s] -- Symlinking: /home/akhil/turtlebot3_ws/install/dynamixel_sdk/lib/python3.12/site-packages/dynamixel_sdk-3.8.4-py3.12.egg-info/PKG-INFO
[13.215s] -- Symlinking: /home/akhil/turtlebot3_ws/install/dynamixel_sdk/lib/python3.12/site-packages/dynamixel_sdk-3.8.4-py3.12.egg-info/SOURCES.txt
[13.261s] -- Symlinking: /home/akhil/turtlebot3_ws/install/dynamixel_sdk/lib/python3.12/site-packages/dynamixel_sdk-3.8.4-py3.12.egg-info/dependency_links.txt
[13.312s] -- Symlinking: /home/akhil/turtlebot3_ws/install/dynamixel_sdk/lib/python3.12/site-packages/dynamixel_sdk-3.8.4-py3.12.egg-info/top_level.txt
[13.365s] -- Symlinking: /home/akhil/turtlebot3_ws/install/dynamixel_sdk/lib/python3.12/site-packages/dynamixel_sdk/__init__.py
[13.404s] -- Symlinking: /home/akhil/turtlebot3_ws/install/dynamixel_sdk/lib/python3.12/site-packages/dynamixel_sdk/group_bulk_read.cpp
[13.445s] -- Symlinking: /home/akhil/turtlebot3_ws/install/dynamixel_sdk/lib/python3.12/site-packages/dynamixel_sdk/group_bulk_read.py
[13.484s] -- Symlinking: /home/akhil/turtlebot3_ws/install/dynamixel_sdk/lib/python3.12/site-packages/dynamixel_sdk/group_bulk_write.cpp
[13.529s] -- Symlinking: /home/akhil/turtlebot3_ws/install/dynamixel_sdk/lib/python3.12/site-packages/dynamixel_sdk/group_bulk_write.py
[13.573s] -- Symlinking: /home/akhil/turtlebot3_ws/install/dynamixel_sdk/lib/python3.12/site-packages/dynamixel_sdk/group_fast_bulk_read.cpp
[13.620s] -- Symlinking: /home/akhil/turtlebot3_ws/install/dynamixel_sdk/lib/python3.12/site-packages/dynamixel_sdk/group_fast_sync_read.cpp
[13.658s] -- Symlinking: /home/akhil/turtlebot3_ws/install/dynamixel_sdk/lib/python3.12/site-packages/dynamixel_sdk/group_handler.cpp
[13.697s] -- Symlinking: /home/akhil/turtlebot3_ws/install/dynamixel_sdk/lib/python3.12/site-packages/dynamixel_sdk/group_sync_read.cpp
[13.738s] -- Symlinking: /home/akhil/turtlebot3_ws/install/dynamixel_sdk/lib/python3.12/site-packages/dynamixel_sdk/group_sync_read.py
[13.783s] -- Symlinking: /home/akhil/turtlebot3_ws/install/dynamixel_sdk/lib/python3.12/site-packages/dynamixel_sdk/group_sync_write.cpp
[13.826s] -- Symlinking: /home/akhil/turtlebot3_ws/install/dynamixel_sdk/lib/python3.12/site-packages/dynamixel_sdk/group_sync_write.py
[13.869s] -- Symlinking: /home/akhil/turtlebot3_ws/install/dynamixel_sdk/lib/python3.12/site-packages/dynamixel_sdk/packet_handler.cpp
[13.915s] -- Symlinking: /home/akhil/turtlebot3_ws/install/dynamixel_sdk/lib/python3.12/site-packages/dynamixel_sdk/packet_handler.py
[13.956s] -- Symlinking: /home/akhil/turtlebot3_ws/install/dynamixel_sdk/lib/python3.12/site-packages/dynamixel_sdk/port_handler.cpp
[13.999s] -- Symlinking: /home/akhil/turtlebot3_ws/install/dynamixel_sdk/lib/python3.12/site-packages/dynamixel_sdk/port_handler.py
[14.035s] -- Symlinking: /home/akhil/turtlebot3_ws/install/dynamixel_sdk/lib/python3.12/site-packages/dynamixel_sdk/port_handler_arduino.cpp
[14.069s] -- Symlinking: /home/akhil/turtlebot3_ws/install/dynamixel_sdk/lib/python3.12/site-packages/dynamixel_sdk/port_handler_linux.cpp
[14.106s] -- Symlinking: /home/akhil/turtlebot3_ws/install/dynamixel_sdk/lib/python3.12/site-packages/dynamixel_sdk/port_handler_mac.cpp
[14.148s] -- Symlinking: /home/akhil/turtlebot3_ws/install/dynamixel_sdk/lib/python3.12/site-packages/dynamixel_sdk/port_handler_windows.cpp
[14.196s] -- Symlinking: /home/akhil/turtlebot3_ws/install/dynamixel_sdk/lib/python3.12/site-packages/dynamixel_sdk/protocol1_packet_handler.cpp
[14.249s] -- Symlinking: /home/akhil/turtlebot3_ws/install/dynamixel_sdk/lib/python3.12/site-packages/dynamixel_sdk/protocol1_packet_handler.py
[14.304s] -- Symlinking: /home/akhil/turtlebot3_ws/install/dynamixel_sdk/lib/python3.12/site-packages/dynamixel_sdk/protocol2_packet_handler.cpp
[14.355s] -- Symlinking: /home/akhil/turtlebot3_ws/install/dynamixel_sdk/lib/python3.12/site-packages/dynamixel_sdk/protocol2_packet_handler.py
[14.399s] -- Symlinking: /home/akhil/turtlebot3_ws/install/dynamixel_sdk/lib/python3.12/site-packages/dynamixel_sdk/robotis_def.py
[14.436s] -- Symlinking: /home/akhil/turtlebot3_ws/install/dynamixel_sdk/share/dynamixel_sdk/environment/library_path.sh
[14.482s] -- Symlinking: /home/akhil/turtlebot3_ws/install/dynamixel_sdk/share/dynamixel_sdk/environment/library_path.dsv
[14.531s] -- Symlinking: /home/akhil/turtlebot3_ws/install/dynamixel_sdk/share/ament_index/resource_index/package_run_dependencies/dynamixel_sdk
[14.577s] -- Symlinking: /home/akhil/turtlebot3_ws/install/dynamixel_sdk/share/ament_index/resource_index/parent_prefix_path/dynamixel_sdk
[14.622s] -- Symlinking: /home/akhil/turtlebot3_ws/install/dynamixel_sdk/share/dynamixel_sdk/environment/ament_prefix_path.sh
[14.672s] -- Symlinking: /home/akhil/turtlebot3_ws/install/dynamixel_sdk/share/dynamixel_sdk/environment/ament_prefix_path.dsv
[14.713s] -- Symlinking: /home/akhil/turtlebot3_ws/install/dynamixel_sdk/share/dynamixel_sdk/environment/path.sh
[14.761s] -- Symlinking: /home/akhil/turtlebot3_ws/install/dynamixel_sdk/share/dynamixel_sdk/environment/path.dsv
[14.813s] -- Symlinking: /home/akhil/turtlebot3_ws/install/dynamixel_sdk/share/dynamixel_sdk/local_setup.bash
[14.857s] -- Symlinking: /home/akhil/turtlebot3_ws/install/dynamixel_sdk/share/dynamixel_sdk/local_setup.sh
[14.907s] -- Symlinking: /home/akhil/turtlebot3_ws/install/dynamixel_sdk/share/dynamixel_sdk/local_setup.zsh
[14.950s] -- Symlinking: /home/akhil/turtlebot3_ws/install/dynamixel_sdk/share/dynamixel_sdk/local_setup.dsv
[14.997s] -- Symlinking: /home/akhil/turtlebot3_ws/install/dynamixel_sdk/share/dynamixel_sdk/package.dsv
[15.042s] -- Symlinking: /home/akhil/turtlebot3_ws/install/dynamixel_sdk/share/ament_index/resource_index/packages/dynamixel_sdk
[15.083s] -- Symlinking: /home/akhil/turtlebot3_ws/install/dynamixel_sdk/share/dynamixel_sdk/cmake/ament_cmake_export_targets-extras.cmake
[15.124s] -- Symlinking: /home/akhil/turtlebot3_ws/install/dynamixel_sdk/share/dynamixel_sdk/cmake/ament_cmake_export_include_directories-extras.cmake
[15.163s] -- Symlinking: /home/akhil/turtlebot3_ws/install/dynamixel_sdk/share/dynamixel_sdk/cmake/ament_cmake_export_libraries-extras.cmake
[15.207s] -- Symlinking: /home/akhil/turtlebot3_ws/install/dynamixel_sdk/share/dynamixel_sdk/cmake/dynamixel_sdkConfig.cmake
[15.247s] -- Symlinking: /home/akhil/turtlebot3_ws/install/dynamixel_sdk/share/dynamixel_sdk/cmake/dynamixel_sdkConfig-version.cmake
[15.296s] -- Symlinking: /home/akhil/turtlebot3_ws/install/dynamixel_sdk/share/dynamixel_sdk/package.xml
[15.342s] -- Installing: /home/akhil/turtlebot3_ws/install/dynamixel_sdk/lib/libdynamixel_sdk.so
[15.596s] Listing '/home/akhil/turtlebot3_ws/install/dynamixel_sdk/lib/python3.12/site-packages/dynamixel_sdk'...
[15.597s] Compiling '/home/akhil/turtlebot3_ws/install/dynamixel_sdk/lib/python3.12/site-packages/dynamixel_sdk/__init__.py'...
[15.597s] Compiling '/home/akhil/turtlebot3_ws/install/dynamixel_sdk/lib/python3.12/site-packages/dynamixel_sdk/group_bulk_read.py'...
[15.598s] Compiling '/home/akhil/turtlebot3_ws/install/dynamixel_sdk/lib/python3.12/site-packages/dynamixel_sdk/group_bulk_write.py'...
[15.598s] Compiling '/home/akhil/turtlebot3_ws/install/dynamixel_sdk/lib/python3.12/site-packages/dynamixel_sdk/group_sync_read.py'...
[15.599s] Compiling '/home/akhil/turtlebot3_ws/install/dynamixel_sdk/lib/python3.12/site-packages/dynamixel_sdk/group_sync_write.py'...
[15.599s] Compiling '/home/akhil/turtlebot3_ws/install/dynamixel_sdk/lib/python3.12/site-packages/dynamixel_sdk/packet_handler.py'...
[15.599s] Compiling '/home/akhil/turtlebot3_ws/install/dynamixel_sdk/lib/python3.12/site-packages/dynamixel_sdk/port_handler.py'...
[15.600s] Compiling '/home/akhil/turtlebot3_ws/install/dynamixel_sdk/lib/python3.12/site-packages/dynamixel_sdk/protocol1_packet_handler.py'...
[15.600s] Compiling '/home/akhil/turtlebot3_ws/install/dynamixel_sdk/lib/python3.12/site-packages/dynamixel_sdk/protocol2_packet_handler.py'...
[15.601s] Compiling '/home/akhil/turtlebot3_ws/install/dynamixel_sdk/lib/python3.12/site-packages/dynamixel_sdk/robotis_def.py'...
[15.622s] -- Installing: /home/akhil/turtlebot3_ws/install/dynamixel_sdk/share/dynamixel_sdk/cmake/dynamixel_sdkExport.cmake
[15.622s] -- Installing: /home/akhil/turtlebot3_ws/install/dynamixel_sdk/share/dynamixel_sdk/cmake/dynamixel_sdkExport-noconfig.cmake
[15.631s] Invoked command in '/home/akhil/turtlebot3_ws/build/dynamixel_sdk' returned '0': CMAKE_PREFIX_PATH=${CMAKE_PREFIX_PATH}:/opt/ros/jazzy DEBUGINFOD_URLS=https://debuginfod.ubuntu.com /usr/bin/cmake --install /home/akhil/turtlebot3_ws/build/dynamixel_sdk
