[ 25%] [32mBuilding CXX object CMakeFiles/gas_simulator.dir/src/gas_sim.cpp.o[0m
[ 75%] Built target bayes_filter
[100%] [32m[1mLinking CXX executable gas_simulator[0m
[100%] Built target gas_simulator
-- Install configuration: ""
-- Installing: /home/akhil/turtlebot3_ws/install/gas_bot_cpp/lib/gas_bot_cpp/gas_simulator
-- Set non-toolchain portion of runtime path of "/home/akhil/turtlebot3_ws/install/gas_bot_cpp/lib/gas_bot_cpp/gas_simulator" to ""
-- Installing: /home/akhil/turtlebot3_ws/install/gas_bot_cpp/lib/gas_bot_cpp/bayes_filter
-- Set non-toolchain portion of runtime path of "/home/akhil/turtlebot3_ws/install/gas_bot_cpp/lib/gas_bot_cpp/bayes_filter" to ""
-- Installing: /home/akhil/turtlebot3_ws/install/gas_bot_cpp/share/ament_index/resource_index/package_run_dependencies/gas_bot_cpp
-- Installing: /home/akhil/turtlebot3_ws/install/gas_bot_cpp/share/ament_index/resource_index/parent_prefix_path/gas_bot_cpp
-- Installing: /home/akhil/turtlebot3_ws/install/gas_bot_cpp/share/gas_bot_cpp/environment/ament_prefix_path.sh
-- Installing: /home/akhil/turtlebot3_ws/install/gas_bot_cpp/share/gas_bot_cpp/environment/ament_prefix_path.dsv
-- Installing: /home/akhil/turtlebot3_ws/install/gas_bot_cpp/share/gas_bot_cpp/environment/path.sh
-- Installing: /home/akhil/turtlebot3_ws/install/gas_bot_cpp/share/gas_bot_cpp/environment/path.dsv
-- Installing: /home/akhil/turtlebot3_ws/install/gas_bot_cpp/share/gas_bot_cpp/local_setup.bash
-- Installing: /home/akhil/turtlebot3_ws/install/gas_bot_cpp/share/gas_bot_cpp/local_setup.sh
-- Installing: /home/akhil/turtlebot3_ws/install/gas_bot_cpp/share/gas_bot_cpp/local_setup.zsh
-- Installing: /home/akhil/turtlebot3_ws/install/gas_bot_cpp/share/gas_bot_cpp/local_setup.dsv
-- Installing: /home/akhil/turtlebot3_ws/install/gas_bot_cpp/share/gas_bot_cpp/package.dsv
-- Installing: /home/akhil/turtlebot3_ws/install/gas_bot_cpp/share/ament_index/resource_index/packages/gas_bot_cpp
-- Installing: /home/akhil/turtlebot3_ws/install/gas_bot_cpp/share/gas_bot_cpp/cmake/gas_bot_cppConfig.cmake
-- Installing: /home/akhil/turtlebot3_ws/install/gas_bot_cpp/share/gas_bot_cpp/cmake/gas_bot_cppConfig-version.cmake
-- Installing: /home/akhil/turtlebot3_ws/install/gas_bot_cpp/share/gas_bot_cpp/package.xml
