[0.029s] Invoking command in '/home/akhil/turtlebot3_ws/build/gas_bot_cpp': CMAKE_PREFIX_PATH=${CMAKE_PREFIX_PATH}:/home/akhil/turtlebot3_ws/install/turtlebot3_teleop:/home/akhil/turtlebot3_ws/install/turtlebot3_example:/opt/ros/jazzy DEBUGINFOD_URLS=https://debuginfod.ubuntu.com /usr/bin/cmake --build /home/akhil/turtlebot3_ws/build/gas_bot_cpp -- -j8 -l8
[0.121s] [ 25%] [32mBuilding CXX object CMakeFiles/gas_simulator.dir/src/gas_sim.cpp.o[0m
[0.141s] [ 75%] Built target bayes_filter
[11.144s] [100%] [32m[1mLinking CXX executable gas_simulator[0m
[11.588s] [100%] Built target gas_simulator
[11.608s] Invoked command in '/home/akhil/turtlebot3_ws/build/gas_bot_cpp' returned '0': CMAKE_PREFIX_PATH=${CMAKE_PREFIX_PATH}:/home/akhil/turtlebot3_ws/install/turtlebot3_teleop:/home/akhil/turtlebot3_ws/install/turtlebot3_example:/opt/ros/jazzy DEBUGINFOD_URLS=https://debuginfod.ubuntu.com /usr/bin/cmake --build /home/akhil/turtlebot3_ws/build/gas_bot_cpp -- -j8 -l8
[11.624s] Invoking command in '/home/akhil/turtlebot3_ws/build/gas_bot_cpp': CMAKE_PREFIX_PATH=${CMAKE_PREFIX_PATH}:/home/akhil/turtlebot3_ws/install/turtlebot3_teleop:/home/akhil/turtlebot3_ws/install/turtlebot3_example:/opt/ros/jazzy DEBUGINFOD_URLS=https://debuginfod.ubuntu.com /usr/bin/cmake --install /home/akhil/turtlebot3_ws/build/gas_bot_cpp
[11.637s] -- Install configuration: ""
[11.637s] -- Installing: /home/akhil/turtlebot3_ws/install/gas_bot_cpp/lib/gas_bot_cpp/gas_simulator
[11.643s] -- Set non-toolchain portion of runtime path of "/home/akhil/turtlebot3_ws/install/gas_bot_cpp/lib/gas_bot_cpp/gas_simulator" to ""
[11.644s] -- Installing: /home/akhil/turtlebot3_ws/install/gas_bot_cpp/lib/gas_bot_cpp/bayes_filter
[11.653s] -- Set non-toolchain portion of runtime path of "/home/akhil/turtlebot3_ws/install/gas_bot_cpp/lib/gas_bot_cpp/bayes_filter" to ""
[11.653s] -- Installing: /home/akhil/turtlebot3_ws/install/gas_bot_cpp/share/ament_index/resource_index/package_run_dependencies/gas_bot_cpp
[11.654s] -- Installing: /home/akhil/turtlebot3_ws/install/gas_bot_cpp/share/ament_index/resource_index/parent_prefix_path/gas_bot_cpp
[11.654s] -- Installing: /home/akhil/turtlebot3_ws/install/gas_bot_cpp/share/gas_bot_cpp/environment/ament_prefix_path.sh
[11.654s] -- Installing: /home/akhil/turtlebot3_ws/install/gas_bot_cpp/share/gas_bot_cpp/environment/ament_prefix_path.dsv
[11.654s] -- Installing: /home/akhil/turtlebot3_ws/install/gas_bot_cpp/share/gas_bot_cpp/environment/path.sh
[11.655s] -- Installing: /home/akhil/turtlebot3_ws/install/gas_bot_cpp/share/gas_bot_cpp/environment/path.dsv
[11.655s] -- Installing: /home/akhil/turtlebot3_ws/install/gas_bot_cpp/share/gas_bot_cpp/local_setup.bash
[11.656s] -- Installing: /home/akhil/turtlebot3_ws/install/gas_bot_cpp/share/gas_bot_cpp/local_setup.sh
[11.656s] -- Installing: /home/akhil/turtlebot3_ws/install/gas_bot_cpp/share/gas_bot_cpp/local_setup.zsh
[11.656s] -- Installing: /home/akhil/turtlebot3_ws/install/gas_bot_cpp/share/gas_bot_cpp/local_setup.dsv
[11.656s] -- Installing: /home/akhil/turtlebot3_ws/install/gas_bot_cpp/share/gas_bot_cpp/package.dsv
[11.657s] -- Installing: /home/akhil/turtlebot3_ws/install/gas_bot_cpp/share/ament_index/resource_index/packages/gas_bot_cpp
[11.657s] -- Installing: /home/akhil/turtlebot3_ws/install/gas_bot_cpp/share/gas_bot_cpp/cmake/gas_bot_cppConfig.cmake
[11.657s] -- Installing: /home/akhil/turtlebot3_ws/install/gas_bot_cpp/share/gas_bot_cpp/cmake/gas_bot_cppConfig-version.cmake
[11.657s] -- Installing: /home/akhil/turtlebot3_ws/install/gas_bot_cpp/share/gas_bot_cpp/package.xml
[11.661s] Invoked command in '/home/akhil/turtlebot3_ws/build/gas_bot_cpp' returned '0': CMAKE_PREFIX_PATH=${CMAKE_PREFIX_PATH}:/home/akhil/turtlebot3_ws/install/turtlebot3_teleop:/home/akhil/turtlebot3_ws/install/turtlebot3_example:/opt/ros/jazzy DEBUGINFOD_URLS=https://debuginfod.ubuntu.com /usr/bin/cmake --install /home/akhil/turtlebot3_ws/build/gas_bot_cpp
