[0.000000] (-) TimerEvent: {}
[0.000691] (-) JobUnselected: {'identifier': 'dynamixel_sdk'}
[0.000780] (-) JobUnselected: {'identifier': 'dynamixel_sdk_custom_interfaces'}
[0.000827] (-) JobUnselected: {'identifier': 'dynamixel_sdk_examples'}
[0.000847] (-) JobUnselected: {'identifier': 'turtlebot3'}
[0.000864] (-) JobUnselected: {'identifier': 'turtlebot3_bringup'}
[0.000880] (-) JobUnselected: {'identifier': 'turtlebot3_cartographer'}
[0.000895] (-) JobUnselected: {'identifier': 'turtlebot3_description'}
[0.000909] (-) JobUnselected: {'identifier': 'turtlebot3_example'}
[0.000923] (-) JobUnselected: {'identifier': 'turtlebot3_fake_node'}
[0.000937] (-) JobUnselected: {'identifier': 'turtlebot3_gazebo'}
[0.000951] (-) JobUnselected: {'identifier': 'turtlebot3_msgs'}
[0.000965] (-) JobUnselected: {'identifier': 'turtlebot3_navigation2'}
[0.000980] (-) JobUnselected: {'identifier': 'turtlebot3_node'}
[0.000994] (-) JobUnselected: {'identifier': 'turtlebot3_simulations'}
[0.001014] (-) JobUnselected: {'identifier': 'turtlebot3_teleop'}
[0.001045] (gas_bot_cpp) JobQueued: {'identifier': 'gas_bot_cpp', 'dependencies': OrderedDict()}
[0.001075] (gas_bot_cpp) JobStarted: {'identifier': 'gas_bot_cpp'}
[0.021302] (gas_bot_cpp) JobProgress: {'identifier': 'gas_bot_cpp', 'progress': 'cmake'}
[0.021973] (gas_bot_cpp) Command: {'cmd': ['/usr/bin/cmake', '/home/akhil/turtlebot3_ws/src/gas_bot_cpp', '-DCMAKE_INSTALL_PREFIX=/home/akhil/turtlebot3_ws/install/gas_bot_cpp'], 'cwd': '/home/akhil/turtlebot3_ws/build/gas_bot_cpp', 'env': OrderedDict({'GJS_DEBUG_TOPICS': 'JS ERROR;JS LOG', 'XDG_ACTIVATION_TOKEN': 'gnome-shell/Terminator/3321-21-akki_TIME62378185', 'GZ_SIM_RESOURCE_PATH': '/opt/ros/jazzy/share:/home/akhil/.ignition/models', 'LANGUAGE': 'en_IN:en', 'USER': 'akhil', 'GZ_CONFIG_PATH': '/opt/ros/jazzy/opt/gz_sim_vendor/share/gz:/opt/ros/jazzy/opt/sdformat_vendor/share/gz:/opt/ros/jazzy/opt/gz_gui_vendor/share/gz:/opt/ros/jazzy/opt/gz_transport_vendor/share/gz:/opt/ros/jazzy/opt/gz_rendering_vendor/share/gz:/opt/ros/jazzy/opt/gz_plugin_vendor/share/gz:/opt/ros/jazzy/opt/gz_fuel_tools_vendor/share/gz:/opt/ros/jazzy/opt/gz_msgs_vendor/share/gz:/opt/ros/jazzy/opt/gz_common_vendor/share/gz', 'XDG_SESSION_TYPE': 'x11', 'CLUTTER_DISABLE_MIPMAPPED_TEXT': '1', 'SHLVL': '1', 'LD_LIBRARY_PATH': '/home/akhil/turtlebot3_ws/install/turtlebot3_msgs/lib:/home/akhil/turtlebot3_ws/install/dynamixel_sdk_custom_interfaces/lib:/home/akhil/turtlebot3_ws/install/dynamixel_sdk/lib:/home/akhil/panda_arm/install/pick_and_plcae_interface_pkg/lib:/home/akhil/panda_arm/install/feature_extractor_pkg/lib:/opt/ros/jazzy/opt/gz_sim_vendor/lib:/opt/ros/jazzy/opt/gz_sensors_vendor/lib:/opt/ros/jazzy/opt/gz_physics_vendor/lib:/opt/ros/jazzy/opt/sdformat_vendor/lib:/opt/ros/jazzy/opt/rviz_ogre_vendor/lib:/opt/ros/jazzy/lib/x86_64-linux-gnu:/opt/ros/jazzy/opt/gz_gui_vendor/lib:/opt/ros/jazzy/opt/gz_transport_vendor/lib:/opt/ros/jazzy/opt/gz_rendering_vendor/lib:/opt/ros/jazzy/opt/gz_plugin_vendor/lib:/opt/ros/jazzy/opt/gz_fuel_tools_vendor/lib:/opt/ros/jazzy/opt/gz_msgs_vendor/lib:/opt/ros/jazzy/opt/gz_common_vendor/lib:/opt/ros/jazzy/opt/gz_math_vendor/lib:/opt/ros/jazzy/opt/gz_utils_vendor/lib:/opt/ros/jazzy/opt/gz_tools_vendor/lib:/opt/ros/jazzy/opt/gz_ogre_next_vendor/lib:/opt/ros/jazzy/opt/gz_dartsim_vendor/lib:/opt/ros/jazzy/opt/gz_cmake_vendor/lib:/opt/ros/jazzy/lib', 'HOME': '/home/akhil', 'CONDA_SHLVL': '0', 'OLDPWD': '/home/akhil/turtlebot3_ws', 'DESKTOP_SESSION': 'ubuntu', 'GIO_LAUNCHED_DESKTOP_FILE': '/usr/share/applications/terminator.desktop', 'ROS_PYTHON_VERSION': '3', 'GNOME_SHELL_SESSION_MODE': 'ubuntu', 'GTK_MODULES': 'gail:atk-bridge', 'MANAGERPID': '2829', 'SYSTEMD_EXEC_PID': '3321', 'GSM_SKIP_SSH_AGENT_WORKAROUND': 'true', 'DBUS_SESSION_BUS_ADDRESS': 'unix:path=/run/user/1000/bus', 'COLORTERM': 'truecolor', '_CE_M': '', 'GIO_LAUNCHED_DESKTOP_FILE_PID': '173276', 'DEBUGINFOD_URLS': 'https://debuginfod.ubuntu.com', 'COLCON_PREFIX_PATH': '/home/akhil/turtlebot3_ws/install:/home/akhil/panda_arm/install', 'ROS_DISTRO': 'jazzy', 'LOGNAME': 'akhil', 'JOURNAL_STREAM': '8:22281', '_': '/usr/bin/colcon', 'ROS_VERSION': '2', 'MEMORY_PRESSURE_WATCH': '/sys/fs/cgroup/user.slice/user-1000.slice/user@1000.service/session.slice/org.gnome.Shell@x11.service/memory.pressure', 'XDG_SESSION_CLASS': 'user', 'USERNAME': 'akhil', 'TERM': 'xterm-256color', 'GNOME_DESKTOP_SESSION_ID': 'this-is-deprecated', '_CE_CONDA': '', 'WINDOWPATH': '2', 'PATH': '/opt/ros/jazzy/opt/gz_msgs_vendor/bin:/opt/ros/jazzy/opt/gz_tools_vendor/bin:/opt/ros/jazzy/opt/gz_ogre_next_vendor/bin:/opt/ros/jazzy/bin:/home/akhil/anaconda3/condabin:/home/akhil/.local/bin:/usr/local/sbin:/usr/local/bin:/usr/sbin:/usr/bin:/sbin:/bin:/usr/games:/usr/local/games:/snap/bin:/snap/bin', 'SESSION_MANAGER': 'local/akki:@/tmp/.ICE-unix/3295,unix/akki:/tmp/.ICE-unix/3295', 'INVOCATION_ID': '462f14c87f664e948fcbfb56b9c65ee9', 'GTK3_MODULES': 'xapp-gtk3-module', 'XDG_MENU_PREFIX': 'gnome-', 'XDG_RUNTIME_DIR': '/run/user/1000', 'DISPLAY': ':1', 'LANG': 'en_US.UTF-8', 'XDG_CURRENT_DESKTOP': 'ubuntu:GNOME', 'XMODIFIERS': '@im=ibus', 'XDG_SESSION_DESKTOP': 'ubuntu', 'XAUTHORITY': '/run/user/1000/gdm/Xauthority', 'SSH_AUTH_SOCK': '/run/user/1000/keyring/ssh', 'ROS_DOMAIN_ID': '30', 'AMENT_PREFIX_PATH': '/home/akhil/turtlebot3_ws/install/turtlebot3_simulations:/home/akhil/turtlebot3_ws/install/turtlebot3_fake_node:/home/akhil/turtlebot3_ws/install/turtlebot3_gazebo:/home/akhil/turtlebot3_ws/install/turtlebot3:/home/akhil/turtlebot3_ws/install/turtlebot3_teleop:/home/akhil/turtlebot3_ws/install/turtlebot3_bringup:/home/akhil/turtlebot3_ws/install/turtlebot3_node:/home/akhil/turtlebot3_ws/install/turtlebot3_navigation2:/home/akhil/turtlebot3_ws/install/turtlebot3_example:/home/akhil/turtlebot3_ws/install/turtlebot3_msgs:/home/akhil/turtlebot3_ws/install/turtlebot3_description:/home/akhil/turtlebot3_ws/install/turtlebot3_cartographer:/home/akhil/turtlebot3_ws/install/dynamixel_sdk_examples:/home/akhil/turtlebot3_ws/install/dynamixel_sdk_custom_interfaces:/home/akhil/turtlebot3_ws/install/dynamixel_sdk:/home/akhil/panda_arm/install/pick_and_plcae_nodes:/home/akhil/panda_arm/install/my_pcl_processor:/home/akhil/panda_arm/install/pick_and_plcae_interface_pkg:/home/akhil/panda_arm/install/panda_moveit_control:/home/akhil/panda_arm/install/panda_moveit_config:/home/akhil/panda_arm/install/panda_description:/home/akhil/panda_arm/install/feature_extractor_pkg:/opt/ros/jazzy', 'CONDA_PYTHON_EXE': '/home/akhil/anaconda3/bin/python', 'SHELL': '/bin/bash', 'TERMINATOR_UUID': 'urn:uuid:09bc6382-3f05-4459-a40b-8c5e37f9a372', 'QT_ACCESSIBILITY': '1', 'GDMSESSION': 'ubuntu', 'GPG_AGENT_INFO': '/run/user/1000/gnupg/S.gpg-agent:0:1', 'GJS_DEBUG_OUTPUT': 'stderr', 'ROS_AUTOMATIC_DISCOVERY_RANGE': 'SUBNET', 'QT_IM_MODULE': 'ibus', 'PWD': '/home/akhil/turtlebot3_ws/build/gas_bot_cpp', 'TURTLEBOT3_MODEL': 'burger', 'LC_ALL': 'en_US.UTF-8', 'XDG_CONFIG_DIRS': '/etc/xdg/xdg-ubuntu:/etc/xdg', 'CONDA_EXE': '/home/akhil/anaconda3/bin/conda', 'XDG_DATA_DIRS': '/usr/share/ubuntu:/usr/share/gnome:/usr/local/share/:/usr/share/:/var/lib/snapd/desktop', 'QTWEBENGINE_DICTIONARIES_PATH': '/usr/share/hunspell-bdic/', 'PYTHONPATH': '/home/akhil/turtlebot3_ws/build/turtlebot3_teleop:/home/akhil/turtlebot3_ws/install/turtlebot3_teleop/lib/python3.12/site-packages:/home/akhil/turtlebot3_ws/build/turtlebot3_example:/home/akhil/turtlebot3_ws/install/turtlebot3_example/lib/python3.12/site-packages:/home/akhil/turtlebot3_ws/install/turtlebot3_msgs/lib/python3.12/site-packages:/home/akhil/turtlebot3_ws/install/dynamixel_sdk_custom_interfaces/lib/python3.12/site-packages:/home/akhil/turtlebot3_ws/install/dynamixel_sdk/lib/python3.12/site-packages:/home/akhil/panda_arm/install/pick_and_plcae_interface_pkg/lib/python3.12/site-packages:/home/akhil/panda_arm/install/feature_extractor_pkg/lib/python3.12/site-packages:/opt/ros/jazzy/lib/python3.12/site-packages', 'COLCON': '1', 'MEMORY_PRESSURE_WRITE': 'c29tZSAyMDAwMDAgMjAwMDAwMAA=', 'VTE_VERSION': '7600', 'CMAKE_PREFIX_PATH': '/home/akhil/turtlebot3_ws/install/turtlebot3_simulations:/home/akhil/turtlebot3_ws/install/turtlebot3_fake_node:/home/akhil/turtlebot3_ws/install/turtlebot3_gazebo:/home/akhil/turtlebot3_ws/install/turtlebot3:/home/akhil/turtlebot3_ws/install/turtlebot3_bringup:/home/akhil/turtlebot3_ws/install/turtlebot3_node:/home/akhil/turtlebot3_ws/install/turtlebot3_navigation2:/home/akhil/turtlebot3_ws/install/turtlebot3_msgs:/home/akhil/turtlebot3_ws/install/turtlebot3_description:/home/akhil/turtlebot3_ws/install/turtlebot3_cartographer:/home/akhil/turtlebot3_ws/install/dynamixel_sdk_examples:/home/akhil/turtlebot3_ws/install/dynamixel_sdk_custom_interfaces:/home/akhil/turtlebot3_ws/install/dynamixel_sdk:/home/akhil/panda_arm/install/pick_and_plcae_nodes:/home/akhil/panda_arm/install/my_pcl_processor:/home/akhil/panda_arm/install/pick_and_plcae_interface_pkg:/home/akhil/panda_arm/install/panda_moveit_control:/home/akhil/panda_arm/install/panda_moveit_config:/home/akhil/panda_arm/install/panda_description:/home/akhil/panda_arm/install/feature_extractor_pkg:/opt/ros/jazzy/opt/gz_sim_vendor:/opt/ros/jazzy/opt/gz_sensors_vendor:/opt/ros/jazzy/opt/gz_physics_vendor:/opt/ros/jazzy/opt/sdformat_vendor:/opt/ros/jazzy/opt/gz_gui_vendor:/opt/ros/jazzy/opt/gz_transport_vendor:/opt/ros/jazzy/opt/gz_rendering_vendor:/opt/ros/jazzy/opt/gz_plugin_vendor:/opt/ros/jazzy/opt/gz_fuel_tools_vendor:/opt/ros/jazzy/opt/gz_msgs_vendor:/opt/ros/jazzy/opt/gz_common_vendor:/opt/ros/jazzy/opt/gz_math_vendor:/opt/ros/jazzy/opt/gz_utils_vendor:/opt/ros/jazzy/opt/gz_tools_vendor:/opt/ros/jazzy/opt/gz_ogre_next_vendor:/opt/ros/jazzy/opt/gz_dartsim_vendor:/opt/ros/jazzy/opt/gz_cmake_vendor:/home/akhil/turtlebot3_ws/install/turtlebot3_teleop:/home/akhil/turtlebot3_ws/install/turtlebot3_example:/opt/ros/jazzy'}), 'shell': False}
[0.099796] (-) TimerEvent: {}
[0.182596] (gas_bot_cpp) StdoutLine: {'line': b'-- The C compiler identification is GNU 13.3.0\n'}
[0.199906] (-) TimerEvent: {}
[0.276694] (gas_bot_cpp) StdoutLine: {'line': b'-- The CXX compiler identification is GNU 13.3.0\n'}
[0.300025] (-) TimerEvent: {}
[0.300504] (gas_bot_cpp) StdoutLine: {'line': b'-- Detecting C compiler ABI info\n'}
[0.400126] (-) TimerEvent: {}
[0.448448] (gas_bot_cpp) StdoutLine: {'line': b'-- Detecting C compiler ABI info - done\n'}
[0.463574] (gas_bot_cpp) StdoutLine: {'line': b'-- Check for working C compiler: /usr/bin/cc - skipped\n'}
[0.464221] (gas_bot_cpp) StdoutLine: {'line': b'-- Detecting C compile features\n'}
[0.465243] (gas_bot_cpp) StdoutLine: {'line': b'-- Detecting C compile features - done\n'}
[0.478062] (gas_bot_cpp) StdoutLine: {'line': b'-- Detecting CXX compiler ABI info\n'}
[0.500237] (-) TimerEvent: {}
[0.600564] (-) TimerEvent: {}
[0.626716] (gas_bot_cpp) StdoutLine: {'line': b'-- Detecting CXX compiler ABI info - done\n'}
[0.641408] (gas_bot_cpp) StdoutLine: {'line': b'-- Check for working CXX compiler: /usr/bin/c++ - skipped\n'}
[0.641822] (gas_bot_cpp) StdoutLine: {'line': b'-- Detecting CXX compile features\n'}
[0.642638] (gas_bot_cpp) StdoutLine: {'line': b'-- Detecting CXX compile features - done\n'}
[0.664025] (gas_bot_cpp) StdoutLine: {'line': b'-- Found ament_cmake: 2.5.4 (/opt/ros/jazzy/share/ament_cmake/cmake)\n'}
[0.700662] (-) TimerEvent: {}
[0.800968] (-) TimerEvent: {}
[0.901313] (-) TimerEvent: {}
[0.937446] (gas_bot_cpp) StdoutLine: {'line': b'-- Found Python3: /usr/bin/python3 (found version "3.12.3") found components: Interpreter \n'}
[1.001461] (-) TimerEvent: {}
[1.101782] (-) TimerEvent: {}
[1.179614] (gas_bot_cpp) StdoutLine: {'line': b'-- Found rclcpp: 28.1.12 (/opt/ros/jazzy/share/rclcpp/cmake)\n'}
[1.201888] (-) TimerEvent: {}
[1.302193] (-) TimerEvent: {}
[1.328018] (gas_bot_cpp) StdoutLine: {'line': b'-- Found rosidl_generator_c: 4.6.6 (/opt/ros/jazzy/share/rosidl_generator_c/cmake)\n'}
[1.363674] (gas_bot_cpp) StdoutLine: {'line': b'-- Found rosidl_generator_cpp: 4.6.6 (/opt/ros/jazzy/share/rosidl_generator_cpp/cmake)\n'}
[1.402331] (-) TimerEvent: {}
[1.407179] (gas_bot_cpp) StdoutLine: {'line': b'-- Using all available rosidl_typesupport_c: rosidl_typesupport_fastrtps_c;rosidl_typesupport_introspection_c\n'}
[1.458715] (gas_bot_cpp) StdoutLine: {'line': b'-- Using all available rosidl_typesupport_cpp: rosidl_typesupport_fastrtps_cpp;rosidl_typesupport_introspection_cpp\n'}
[1.502426] (-) TimerEvent: {}
[1.602684] (-) TimerEvent: {}
[1.647821] (gas_bot_cpp) StdoutLine: {'line': b'-- Found rmw_implementation_cmake: 7.3.2 (/opt/ros/jazzy/share/rmw_implementation_cmake/cmake)\n'}
[1.659686] (gas_bot_cpp) StdoutLine: {'line': b'-- Found rmw_fastrtps_cpp: 8.4.3 (/opt/ros/jazzy/share/rmw_fastrtps_cpp/cmake)\n'}
[1.702790] (-) TimerEvent: {}
[1.803105] (-) TimerEvent: {}
[1.841137] (gas_bot_cpp) StdoutLine: {'line': b'-- Found OpenSSL: /usr/lib/x86_64-linux-gnu/libcrypto.so (found version "3.0.13")  \n'}
[1.875647] (gas_bot_cpp) StdoutLine: {'line': b'-- Found FastRTPS: /opt/ros/jazzy/include (Required is at least version "2.13") \n'}
[1.903242] (-) TimerEvent: {}
[1.912333] (gas_bot_cpp) StdoutLine: {'line': b"-- Using RMW implementation 'rmw_fastrtps_cpp' as default\n"}
[2.003349] (-) TimerEvent: {}
[2.094461] (gas_bot_cpp) StdoutLine: {'line': b'-- Found std_msgs: 5.3.6 (/opt/ros/jazzy/share/std_msgs/cmake)\n'}
[2.103482] (-) TimerEvent: {}
[2.129482] (gas_bot_cpp) StdoutLine: {'line': b'-- Found nav_msgs: 5.3.6 (/opt/ros/jazzy/share/nav_msgs/cmake)\n'}
[2.203611] (-) TimerEvent: {}
[2.303858] (-) TimerEvent: {}
[2.348490] (gas_bot_cpp) StdoutLine: {'line': b'-- Configuring done (2.3s)\n'}
[2.386280] (gas_bot_cpp) StdoutLine: {'line': b'-- Generating done (0.0s)\n'}
[2.398637] (gas_bot_cpp) StdoutLine: {'line': b'-- Build files have been written to: /home/akhil/turtlebot3_ws/build/gas_bot_cpp\n'}
[2.403966] (-) TimerEvent: {}
[2.418015] (gas_bot_cpp) CommandEnded: {'returncode': 0}
[2.418762] (gas_bot_cpp) JobProgress: {'identifier': 'gas_bot_cpp', 'progress': 'build'}
[2.420433] (gas_bot_cpp) Command: {'cmd': ['/usr/bin/cmake', '--build', '/home/akhil/turtlebot3_ws/build/gas_bot_cpp', '--', '-j8', '-l8'], 'cwd': '/home/akhil/turtlebot3_ws/build/gas_bot_cpp', 'env': OrderedDict({'GJS_DEBUG_TOPICS': 'JS ERROR;JS LOG', 'XDG_ACTIVATION_TOKEN': 'gnome-shell/Terminator/3321-21-akki_TIME62378185', 'GZ_SIM_RESOURCE_PATH': '/opt/ros/jazzy/share:/home/akhil/.ignition/models', 'LANGUAGE': 'en_IN:en', 'USER': 'akhil', 'GZ_CONFIG_PATH': '/opt/ros/jazzy/opt/gz_sim_vendor/share/gz:/opt/ros/jazzy/opt/sdformat_vendor/share/gz:/opt/ros/jazzy/opt/gz_gui_vendor/share/gz:/opt/ros/jazzy/opt/gz_transport_vendor/share/gz:/opt/ros/jazzy/opt/gz_rendering_vendor/share/gz:/opt/ros/jazzy/opt/gz_plugin_vendor/share/gz:/opt/ros/jazzy/opt/gz_fuel_tools_vendor/share/gz:/opt/ros/jazzy/opt/gz_msgs_vendor/share/gz:/opt/ros/jazzy/opt/gz_common_vendor/share/gz', 'XDG_SESSION_TYPE': 'x11', 'CLUTTER_DISABLE_MIPMAPPED_TEXT': '1', 'SHLVL': '1', 'LD_LIBRARY_PATH': '/home/akhil/turtlebot3_ws/install/turtlebot3_msgs/lib:/home/akhil/turtlebot3_ws/install/dynamixel_sdk_custom_interfaces/lib:/home/akhil/turtlebot3_ws/install/dynamixel_sdk/lib:/home/akhil/panda_arm/install/pick_and_plcae_interface_pkg/lib:/home/akhil/panda_arm/install/feature_extractor_pkg/lib:/opt/ros/jazzy/opt/gz_sim_vendor/lib:/opt/ros/jazzy/opt/gz_sensors_vendor/lib:/opt/ros/jazzy/opt/gz_physics_vendor/lib:/opt/ros/jazzy/opt/sdformat_vendor/lib:/opt/ros/jazzy/opt/rviz_ogre_vendor/lib:/opt/ros/jazzy/lib/x86_64-linux-gnu:/opt/ros/jazzy/opt/gz_gui_vendor/lib:/opt/ros/jazzy/opt/gz_transport_vendor/lib:/opt/ros/jazzy/opt/gz_rendering_vendor/lib:/opt/ros/jazzy/opt/gz_plugin_vendor/lib:/opt/ros/jazzy/opt/gz_fuel_tools_vendor/lib:/opt/ros/jazzy/opt/gz_msgs_vendor/lib:/opt/ros/jazzy/opt/gz_common_vendor/lib:/opt/ros/jazzy/opt/gz_math_vendor/lib:/opt/ros/jazzy/opt/gz_utils_vendor/lib:/opt/ros/jazzy/opt/gz_tools_vendor/lib:/opt/ros/jazzy/opt/gz_ogre_next_vendor/lib:/opt/ros/jazzy/opt/gz_dartsim_vendor/lib:/opt/ros/jazzy/opt/gz_cmake_vendor/lib:/opt/ros/jazzy/lib', 'HOME': '/home/akhil', 'CONDA_SHLVL': '0', 'OLDPWD': '/home/akhil/turtlebot3_ws', 'DESKTOP_SESSION': 'ubuntu', 'GIO_LAUNCHED_DESKTOP_FILE': '/usr/share/applications/terminator.desktop', 'ROS_PYTHON_VERSION': '3', 'GNOME_SHELL_SESSION_MODE': 'ubuntu', 'GTK_MODULES': 'gail:atk-bridge', 'MANAGERPID': '2829', 'SYSTEMD_EXEC_PID': '3321', 'GSM_SKIP_SSH_AGENT_WORKAROUND': 'true', 'DBUS_SESSION_BUS_ADDRESS': 'unix:path=/run/user/1000/bus', 'COLORTERM': 'truecolor', '_CE_M': '', 'GIO_LAUNCHED_DESKTOP_FILE_PID': '173276', 'DEBUGINFOD_URLS': 'https://debuginfod.ubuntu.com', 'COLCON_PREFIX_PATH': '/home/akhil/turtlebot3_ws/install:/home/akhil/panda_arm/install', 'ROS_DISTRO': 'jazzy', 'LOGNAME': 'akhil', 'JOURNAL_STREAM': '8:22281', '_': '/usr/bin/colcon', 'ROS_VERSION': '2', 'MEMORY_PRESSURE_WATCH': '/sys/fs/cgroup/user.slice/user-1000.slice/user@1000.service/session.slice/org.gnome.Shell@x11.service/memory.pressure', 'XDG_SESSION_CLASS': 'user', 'USERNAME': 'akhil', 'TERM': 'xterm-256color', 'GNOME_DESKTOP_SESSION_ID': 'this-is-deprecated', '_CE_CONDA': '', 'WINDOWPATH': '2', 'PATH': '/opt/ros/jazzy/opt/gz_msgs_vendor/bin:/opt/ros/jazzy/opt/gz_tools_vendor/bin:/opt/ros/jazzy/opt/gz_ogre_next_vendor/bin:/opt/ros/jazzy/bin:/home/akhil/anaconda3/condabin:/home/akhil/.local/bin:/usr/local/sbin:/usr/local/bin:/usr/sbin:/usr/bin:/sbin:/bin:/usr/games:/usr/local/games:/snap/bin:/snap/bin', 'SESSION_MANAGER': 'local/akki:@/tmp/.ICE-unix/3295,unix/akki:/tmp/.ICE-unix/3295', 'INVOCATION_ID': '462f14c87f664e948fcbfb56b9c65ee9', 'GTK3_MODULES': 'xapp-gtk3-module', 'XDG_MENU_PREFIX': 'gnome-', 'XDG_RUNTIME_DIR': '/run/user/1000', 'DISPLAY': ':1', 'LANG': 'en_US.UTF-8', 'XDG_CURRENT_DESKTOP': 'ubuntu:GNOME', 'XMODIFIERS': '@im=ibus', 'XDG_SESSION_DESKTOP': 'ubuntu', 'XAUTHORITY': '/run/user/1000/gdm/Xauthority', 'SSH_AUTH_SOCK': '/run/user/1000/keyring/ssh', 'ROS_DOMAIN_ID': '30', 'AMENT_PREFIX_PATH': '/home/akhil/turtlebot3_ws/install/turtlebot3_simulations:/home/akhil/turtlebot3_ws/install/turtlebot3_fake_node:/home/akhil/turtlebot3_ws/install/turtlebot3_gazebo:/home/akhil/turtlebot3_ws/install/turtlebot3:/home/akhil/turtlebot3_ws/install/turtlebot3_teleop:/home/akhil/turtlebot3_ws/install/turtlebot3_bringup:/home/akhil/turtlebot3_ws/install/turtlebot3_node:/home/akhil/turtlebot3_ws/install/turtlebot3_navigation2:/home/akhil/turtlebot3_ws/install/turtlebot3_example:/home/akhil/turtlebot3_ws/install/turtlebot3_msgs:/home/akhil/turtlebot3_ws/install/turtlebot3_description:/home/akhil/turtlebot3_ws/install/turtlebot3_cartographer:/home/akhil/turtlebot3_ws/install/dynamixel_sdk_examples:/home/akhil/turtlebot3_ws/install/dynamixel_sdk_custom_interfaces:/home/akhil/turtlebot3_ws/install/dynamixel_sdk:/home/akhil/panda_arm/install/pick_and_plcae_nodes:/home/akhil/panda_arm/install/my_pcl_processor:/home/akhil/panda_arm/install/pick_and_plcae_interface_pkg:/home/akhil/panda_arm/install/panda_moveit_control:/home/akhil/panda_arm/install/panda_moveit_config:/home/akhil/panda_arm/install/panda_description:/home/akhil/panda_arm/install/feature_extractor_pkg:/opt/ros/jazzy', 'CONDA_PYTHON_EXE': '/home/akhil/anaconda3/bin/python', 'SHELL': '/bin/bash', 'TERMINATOR_UUID': 'urn:uuid:09bc6382-3f05-4459-a40b-8c5e37f9a372', 'QT_ACCESSIBILITY': '1', 'GDMSESSION': 'ubuntu', 'GPG_AGENT_INFO': '/run/user/1000/gnupg/S.gpg-agent:0:1', 'GJS_DEBUG_OUTPUT': 'stderr', 'ROS_AUTOMATIC_DISCOVERY_RANGE': 'SUBNET', 'QT_IM_MODULE': 'ibus', 'PWD': '/home/akhil/turtlebot3_ws/build/gas_bot_cpp', 'TURTLEBOT3_MODEL': 'burger', 'LC_ALL': 'en_US.UTF-8', 'XDG_CONFIG_DIRS': '/etc/xdg/xdg-ubuntu:/etc/xdg', 'CONDA_EXE': '/home/akhil/anaconda3/bin/conda', 'XDG_DATA_DIRS': '/usr/share/ubuntu:/usr/share/gnome:/usr/local/share/:/usr/share/:/var/lib/snapd/desktop', 'QTWEBENGINE_DICTIONARIES_PATH': '/usr/share/hunspell-bdic/', 'PYTHONPATH': '/home/akhil/turtlebot3_ws/build/turtlebot3_teleop:/home/akhil/turtlebot3_ws/install/turtlebot3_teleop/lib/python3.12/site-packages:/home/akhil/turtlebot3_ws/build/turtlebot3_example:/home/akhil/turtlebot3_ws/install/turtlebot3_example/lib/python3.12/site-packages:/home/akhil/turtlebot3_ws/install/turtlebot3_msgs/lib/python3.12/site-packages:/home/akhil/turtlebot3_ws/install/dynamixel_sdk_custom_interfaces/lib/python3.12/site-packages:/home/akhil/turtlebot3_ws/install/dynamixel_sdk/lib/python3.12/site-packages:/home/akhil/panda_arm/install/pick_and_plcae_interface_pkg/lib/python3.12/site-packages:/home/akhil/panda_arm/install/feature_extractor_pkg/lib/python3.12/site-packages:/opt/ros/jazzy/lib/python3.12/site-packages', 'COLCON': '1', 'MEMORY_PRESSURE_WRITE': 'c29tZSAyMDAwMDAgMjAwMDAwMAA=', 'VTE_VERSION': '7600', 'CMAKE_PREFIX_PATH': '/home/akhil/turtlebot3_ws/install/turtlebot3_simulations:/home/akhil/turtlebot3_ws/install/turtlebot3_fake_node:/home/akhil/turtlebot3_ws/install/turtlebot3_gazebo:/home/akhil/turtlebot3_ws/install/turtlebot3:/home/akhil/turtlebot3_ws/install/turtlebot3_bringup:/home/akhil/turtlebot3_ws/install/turtlebot3_node:/home/akhil/turtlebot3_ws/install/turtlebot3_navigation2:/home/akhil/turtlebot3_ws/install/turtlebot3_msgs:/home/akhil/turtlebot3_ws/install/turtlebot3_description:/home/akhil/turtlebot3_ws/install/turtlebot3_cartographer:/home/akhil/turtlebot3_ws/install/dynamixel_sdk_examples:/home/akhil/turtlebot3_ws/install/dynamixel_sdk_custom_interfaces:/home/akhil/turtlebot3_ws/install/dynamixel_sdk:/home/akhil/panda_arm/install/pick_and_plcae_nodes:/home/akhil/panda_arm/install/my_pcl_processor:/home/akhil/panda_arm/install/pick_and_plcae_interface_pkg:/home/akhil/panda_arm/install/panda_moveit_control:/home/akhil/panda_arm/install/panda_moveit_config:/home/akhil/panda_arm/install/panda_description:/home/akhil/panda_arm/install/feature_extractor_pkg:/opt/ros/jazzy/opt/gz_sim_vendor:/opt/ros/jazzy/opt/gz_sensors_vendor:/opt/ros/jazzy/opt/gz_physics_vendor:/opt/ros/jazzy/opt/sdformat_vendor:/opt/ros/jazzy/opt/gz_gui_vendor:/opt/ros/jazzy/opt/gz_transport_vendor:/opt/ros/jazzy/opt/gz_rendering_vendor:/opt/ros/jazzy/opt/gz_plugin_vendor:/opt/ros/jazzy/opt/gz_fuel_tools_vendor:/opt/ros/jazzy/opt/gz_msgs_vendor:/opt/ros/jazzy/opt/gz_common_vendor:/opt/ros/jazzy/opt/gz_math_vendor:/opt/ros/jazzy/opt/gz_utils_vendor:/opt/ros/jazzy/opt/gz_tools_vendor:/opt/ros/jazzy/opt/gz_ogre_next_vendor:/opt/ros/jazzy/opt/gz_dartsim_vendor:/opt/ros/jazzy/opt/gz_cmake_vendor:/home/akhil/turtlebot3_ws/install/turtlebot3_teleop:/home/akhil/turtlebot3_ws/install/turtlebot3_example:/opt/ros/jazzy'}), 'shell': False}
[2.498044] (gas_bot_cpp) StdoutLine: {'line': b'[ 25%] \x1b[32mBuilding CXX object CMakeFiles/gas_simulator.dir/src/gas_sim.cpp.o\x1b[0m\n'}
[2.498795] (gas_bot_cpp) StdoutLine: {'line': b'[ 50%] \x1b[32mBuilding CXX object CMakeFiles/bayes_filter.dir/src/bayes_filter.cpp.o\x1b[0m\n'}
[2.504073] (-) TimerEvent: {}
[2.604396] (-) TimerEvent: {}
[2.704748] (-) TimerEvent: {}
[2.805025] (-) TimerEvent: {}
[2.905309] (-) TimerEvent: {}
[2.951076] (gas_bot_cpp) StderrLine: {'line': b'\x1b[01m\x1b[K/home/akhil/turtlebot3_ws/src/gas_bot_cpp/src/gas_sim.cpp:6:10:\x1b[m\x1b[K \x1b[01;31m\x1b[Kfatal error: \x1b[m\x1b[Klogging.hpp: No such file or directory\n'}
[2.951448] (gas_bot_cpp) StderrLine: {'line': b'    6 | #include \x1b[01;31m\x1b[K<logging.hpp>\x1b[m\x1b[K\n'}
[2.951641] (gas_bot_cpp) StderrLine: {'line': b'      |          \x1b[01;31m\x1b[K^~~~~~~~~~~~~\x1b[m\x1b[K\n'}
[2.951817] (gas_bot_cpp) StderrLine: {'line': b'compilation terminated.\n'}
[2.957405] (gas_bot_cpp) StderrLine: {'line': b'gmake[2]: *** [CMakeFiles/gas_simulator.dir/build.make:76: CMakeFiles/gas_simulator.dir/src/gas_sim.cpp.o] Error 1\n'}
[2.957821] (gas_bot_cpp) StderrLine: {'line': b'gmake[1]: *** [CMakeFiles/Makefile2:139: CMakeFiles/gas_simulator.dir/all] Error 2\n'}
[2.958055] (gas_bot_cpp) StderrLine: {'line': b'gmake[1]: *** Waiting for unfinished jobs....\n'}
[3.005410] (-) TimerEvent: {}
[3.105718] (-) TimerEvent: {}
[3.205978] (-) TimerEvent: {}
[3.306274] (-) TimerEvent: {}
[3.406565] (-) TimerEvent: {}
[3.506849] (-) TimerEvent: {}
[3.607166] (-) TimerEvent: {}
[3.707447] (-) TimerEvent: {}
[3.807718] (-) TimerEvent: {}
[3.908006] (-) TimerEvent: {}
[4.008352] (-) TimerEvent: {}
[4.108741] (-) TimerEvent: {}
[4.209180] (-) TimerEvent: {}
[4.309559] (-) TimerEvent: {}
[4.409794] (-) TimerEvent: {}
[4.510096] (-) TimerEvent: {}
[4.610439] (-) TimerEvent: {}
[4.710801] (-) TimerEvent: {}
[4.811184] (-) TimerEvent: {}
[4.911541] (-) TimerEvent: {}
[5.011888] (-) TimerEvent: {}
[5.112231] (-) TimerEvent: {}
[5.212538] (-) TimerEvent: {}
[5.312842] (-) TimerEvent: {}
[5.413208] (-) TimerEvent: {}
[5.513526] (-) TimerEvent: {}
[5.613823] (-) TimerEvent: {}
[5.714125] (-) TimerEvent: {}
[5.814415] (-) TimerEvent: {}
[5.915209] (-) TimerEvent: {}
[6.015747] (-) TimerEvent: {}
[6.116043] (-) TimerEvent: {}
[6.216338] (-) TimerEvent: {}
[6.316623] (-) TimerEvent: {}
[6.416924] (-) TimerEvent: {}
[6.517235] (-) TimerEvent: {}
[6.617563] (-) TimerEvent: {}
[6.717827] (-) TimerEvent: {}
[6.818137] (-) TimerEvent: {}
[6.918429] (-) TimerEvent: {}
[7.018791] (-) TimerEvent: {}
[7.119117] (-) TimerEvent: {}
[7.219469] (-) TimerEvent: {}
[7.319761] (-) TimerEvent: {}
[7.420070] (-) TimerEvent: {}
[7.520382] (-) TimerEvent: {}
[7.620686] (-) TimerEvent: {}
[7.720959] (-) TimerEvent: {}
[7.821280] (-) TimerEvent: {}
[7.921573] (-) TimerEvent: {}
[8.021822] (-) TimerEvent: {}
[8.122097] (-) TimerEvent: {}
[8.222381] (-) TimerEvent: {}
[8.322683] (-) TimerEvent: {}
[8.422966] (-) TimerEvent: {}
[8.523282] (-) TimerEvent: {}
[8.623606] (-) TimerEvent: {}
[8.723944] (-) TimerEvent: {}
[8.824216] (-) TimerEvent: {}
[8.924510] (-) TimerEvent: {}
[9.024822] (-) TimerEvent: {}
[9.125140] (-) TimerEvent: {}
[9.225454] (-) TimerEvent: {}
[9.325760] (-) TimerEvent: {}
[9.426031] (-) TimerEvent: {}
[9.526329] (-) TimerEvent: {}
[9.626628] (-) TimerEvent: {}
[9.726960] (-) TimerEvent: {}
[9.827261] (-) TimerEvent: {}
[9.927557] (-) TimerEvent: {}
[10.027824] (-) TimerEvent: {}
[10.128152] (-) TimerEvent: {}
[10.228514] (-) TimerEvent: {}
[10.328830] (-) TimerEvent: {}
[10.429175] (-) TimerEvent: {}
[10.529509] (-) TimerEvent: {}
[10.629782] (-) TimerEvent: {}
[10.730091] (-) TimerEvent: {}
[10.830420] (-) TimerEvent: {}
[10.930704] (-) TimerEvent: {}
[11.030996] (-) TimerEvent: {}
[11.131292] (-) TimerEvent: {}
[11.231571] (-) TimerEvent: {}
[11.331907] (-) TimerEvent: {}
[11.432185] (-) TimerEvent: {}
[11.532465] (-) TimerEvent: {}
[11.632801] (-) TimerEvent: {}
[11.733092] (-) TimerEvent: {}
[11.833411] (-) TimerEvent: {}
[11.933848] (-) TimerEvent: {}
[12.034257] (-) TimerEvent: {}
[12.134629] (-) TimerEvent: {}
[12.234893] (-) TimerEvent: {}
[12.335134] (-) TimerEvent: {}
[12.435387] (-) TimerEvent: {}
[12.535672] (-) TimerEvent: {}
[12.635952] (-) TimerEvent: {}
[12.736225] (-) TimerEvent: {}
[12.836520] (-) TimerEvent: {}
[12.936793] (-) TimerEvent: {}
[13.037079] (-) TimerEvent: {}
[13.137380] (-) TimerEvent: {}
[13.237688] (-) TimerEvent: {}
[13.337959] (-) TimerEvent: {}
[13.438234] (-) TimerEvent: {}
[13.538507] (-) TimerEvent: {}
[13.638811] (-) TimerEvent: {}
[13.739195] (-) TimerEvent: {}
[13.839612] (-) TimerEvent: {}
[13.940065] (-) TimerEvent: {}
[14.040408] (-) TimerEvent: {}
[14.140680] (-) TimerEvent: {}
[14.240965] (-) TimerEvent: {}
[14.341276] (-) TimerEvent: {}
[14.441595] (-) TimerEvent: {}
[14.541903] (-) TimerEvent: {}
[14.642261] (-) TimerEvent: {}
[14.742532] (-) TimerEvent: {}
[14.842792] (-) TimerEvent: {}
[14.943115] (-) TimerEvent: {}
[15.043395] (-) TimerEvent: {}
[15.143722] (-) TimerEvent: {}
[15.244012] (-) TimerEvent: {}
[15.344278] (-) TimerEvent: {}
[15.444560] (-) TimerEvent: {}
[15.544822] (-) TimerEvent: {}
[15.645109] (-) TimerEvent: {}
[15.745370] (-) TimerEvent: {}
[15.845700] (-) TimerEvent: {}
[15.946101] (-) TimerEvent: {}
[16.046355] (-) TimerEvent: {}
[16.146735] (-) TimerEvent: {}
[16.246992] (-) TimerEvent: {}
[16.347269] (-) TimerEvent: {}
[16.447611] (-) TimerEvent: {}
[16.547884] (-) TimerEvent: {}
[16.648251] (-) TimerEvent: {}
[16.748586] (-) TimerEvent: {}
[16.769908] (gas_bot_cpp) StdoutLine: {'line': b'[ 75%] \x1b[32m\x1b[1mLinking CXX executable bayes_filter\x1b[0m\n'}
[16.848763] (-) TimerEvent: {}
[16.949039] (-) TimerEvent: {}
[17.049321] (-) TimerEvent: {}
[17.149603] (-) TimerEvent: {}
[17.249985] (-) TimerEvent: {}
[17.337369] (gas_bot_cpp) StdoutLine: {'line': b'[ 75%] Built target bayes_filter\n'}
[17.338905] (gas_bot_cpp) StderrLine: {'line': b'gmake: *** [Makefile:146: all] Error 2\n'}
[17.341500] (gas_bot_cpp) CommandEnded: {'returncode': 2}
[17.350375] (-) TimerEvent: {}
[17.357394] (gas_bot_cpp) JobEnded: {'identifier': 'gas_bot_cpp', 'rc': 2}
[17.367962] (-) EventReactorShutdown: {}
