[0.082s] Invoking command in '/home/akhil/turtlebot3_ws/build/turtlebot3_node': AMENT_PREFIX_PATH=/home/akhil/turtlebot3_ws/install/turtlebot3_msgs:/home/akhil/turtlebot3_ws/install/dynamixel_sdk:${AMENT_PREFIX_PATH} CMAKE_PREFIX_PATH=/home/akhil/turtlebot3_ws/install/turtlebot3_msgs:/home/akhil/turtlebot3_ws/install/dynamixel_sdk:/home/akhil/panda_arm/install/pick_and_plcae_nodes:/home/akhil/panda_arm/install/my_pcl_processor:/home/akhil/panda_arm/install/pick_and_plcae_interface_pkg:/home/akhil/panda_arm/install/panda_moveit_control:/home/akhil/panda_arm/install/panda_moveit_config:/home/akhil/panda_arm/install/panda_description:/home/akhil/panda_arm/install/feature_extractor_pkg:/opt/ros/jazzy/opt/gz_sim_vendor:/opt/ros/jazzy/opt/gz_sensors_vendor:/opt/ros/jazzy/opt/gz_physics_vendor:/opt/ros/jazzy/opt/sdformat_vendor:/opt/ros/jazzy/opt/gz_gui_vendor:/opt/ros/jazzy/opt/gz_transport_vendor:/opt/ros/jazzy/opt/gz_rendering_vendor:/opt/ros/jazzy/opt/gz_plugin_vendor:/opt/ros/jazzy/opt/gz_fuel_tools_vendor:/opt/ros/jazzy/opt/gz_msgs_vendor:/opt/ros/jazzy/opt/gz_common_vendor:/opt/ros/jazzy/opt/gz_math_vendor:/opt/ros/jazzy/opt/gz_utils_vendor:/opt/ros/jazzy/opt/gz_tools_vendor:/opt/ros/jazzy/opt/gz_ogre_next_vendor:/opt/ros/jazzy/opt/gz_dartsim_vendor:/opt/ros/jazzy/opt/gz_cmake_vendor:/opt/ros/jazzy DEBUGINFOD_URLS=https://debuginfod.ubuntu.com LD_LIBRARY_PATH=/home/akhil/turtlebot3_ws/install/turtlebot3_msgs/lib:/home/akhil/turtlebot3_ws/install/dynamixel_sdk/lib:${LD_LIBRARY_PATH} PYTHONPATH=/home/akhil/turtlebot3_ws/install/turtlebot3_msgs/lib/python3.12/site-packages:/home/akhil/turtlebot3_ws/install/dynamixel_sdk/lib/python3.12/site-packages:${PYTHONPATH} /usr/bin/cmake /home/akhil/turtlebot3_ws/src/turtlebot3/turtlebot3_node -DAMENT_CMAKE_SYMLINK_INSTALL=1 -DCMAKE_INSTALL_PREFIX=/home/akhil/turtlebot3_ws/install/turtlebot3_node
[0.342s] -- The C compiler identification is GNU 13.3.0
[0.564s] -- The CXX compiler identification is GNU 13.3.0
[0.620s] -- Detecting C compiler ABI info
[0.921s] -- Detecting C compiler ABI info - done
[0.974s] -- Check for working C compiler: /usr/bin/cc - skipped
[0.975s] -- Detecting C compile features
[0.977s] -- Detecting C compile features - done
[1.009s] -- Detecting CXX compiler ABI info
[1.356s] -- Detecting CXX compiler ABI info - done
[1.422s] -- Check for working CXX compiler: /usr/bin/c++ - skipped
[1.424s] -- Detecting CXX compile features
[1.427s] -- Detecting CXX compile features - done
[1.448s] -- Found ament_cmake: 2.5.4 (/opt/ros/jazzy/share/ament_cmake/cmake)
[2.173s] -- Found Python3: /usr/bin/python3 (found version "3.12.3") found components: Interpreter 
[2.343s] -- Override CMake install command with custom implementation using symlinks instead of copying resources
[2.549s] -- Found dynamixel_sdk: 3.8.4 (/home/akhil/turtlebot3_ws/install/dynamixel_sdk/share/dynamixel_sdk/cmake)
[2.577s] -- Found geometry_msgs: 5.3.6 (/opt/ros/jazzy/share/geometry_msgs/cmake)
[2.886s] -- Found rosidl_generator_c: 4.6.6 (/opt/ros/jazzy/share/rosidl_generator_c/cmake)
[2.971s] -- Found rosidl_generator_cpp: 4.6.6 (/opt/ros/jazzy/share/rosidl_generator_cpp/cmake)
[3.077s] -- Using all available rosidl_typesupport_c: rosidl_typesupport_fastrtps_c;rosidl_typesupport_introspection_c
[3.195s] -- Using all available rosidl_typesupport_cpp: rosidl_typesupport_fastrtps_cpp;rosidl_typesupport_introspection_cpp
[3.479s] -- Found message_filters: 4.11.8 (/opt/ros/jazzy/share/message_filters/cmake)
[3.741s] -- Found rmw_implementation_cmake: 7.3.2 (/opt/ros/jazzy/share/rmw_implementation_cmake/cmake)
[3.757s] -- Found rmw_fastrtps_cpp: 8.4.3 (/opt/ros/jazzy/share/rmw_fastrtps_cpp/cmake)
[4.095s] -- Found OpenSSL: /usr/lib/x86_64-linux-gnu/libcrypto.so (found version "3.0.13")  
[4.194s] -- Found FastRTPS: /opt/ros/jazzy/include (Required is at least version "2.13") 
[4.300s] -- Using RMW implementation 'rmw_fastrtps_cpp' as default
[4.792s] -- Found nav_msgs: 5.3.6 (/opt/ros/jazzy/share/nav_msgs/cmake)
[4.977s] -- Found sensor_msgs: 5.3.6 (/opt/ros/jazzy/share/sensor_msgs/cmake)
[5.071s] -- Found std_srvs: 5.3.6 (/opt/ros/jazzy/share/std_srvs/cmake)
[5.147s] -- Found tf2: 0.36.14 (/opt/ros/jazzy/share/tf2/cmake)
[5.180s] -- Found tf2_ros: 0.36.14 (/opt/ros/jazzy/share/tf2_ros/cmake)
[5.770s] -- Found turtlebot3_msgs: 2.4.0 (/home/akhil/turtlebot3_ws/install/turtlebot3_msgs/share/turtlebot3_msgs/cmake)
[6.119s] -- Configuring done (6.0s)
[6.219s] -- Generating done (0.1s)
[6.238s] -- Build files have been written to: /home/akhil/turtlebot3_ws/build/turtlebot3_node
[6.276s] Invoked command in '/home/akhil/turtlebot3_ws/build/turtlebot3_node' returned '0': AMENT_PREFIX_PATH=/home/akhil/turtlebot3_ws/install/turtlebot3_msgs:/home/akhil/turtlebot3_ws/install/dynamixel_sdk:${AMENT_PREFIX_PATH} CMAKE_PREFIX_PATH=/home/akhil/turtlebot3_ws/install/turtlebot3_msgs:/home/akhil/turtlebot3_ws/install/dynamixel_sdk:/home/akhil/panda_arm/install/pick_and_plcae_nodes:/home/akhil/panda_arm/install/my_pcl_processor:/home/akhil/panda_arm/install/pick_and_plcae_interface_pkg:/home/akhil/panda_arm/install/panda_moveit_control:/home/akhil/panda_arm/install/panda_moveit_config:/home/akhil/panda_arm/install/panda_description:/home/akhil/panda_arm/install/feature_extractor_pkg:/opt/ros/jazzy/opt/gz_sim_vendor:/opt/ros/jazzy/opt/gz_sensors_vendor:/opt/ros/jazzy/opt/gz_physics_vendor:/opt/ros/jazzy/opt/sdformat_vendor:/opt/ros/jazzy/opt/gz_gui_vendor:/opt/ros/jazzy/opt/gz_transport_vendor:/opt/ros/jazzy/opt/gz_rendering_vendor:/opt/ros/jazzy/opt/gz_plugin_vendor:/opt/ros/jazzy/opt/gz_fuel_tools_vendor:/opt/ros/jazzy/opt/gz_msgs_vendor:/opt/ros/jazzy/opt/gz_common_vendor:/opt/ros/jazzy/opt/gz_math_vendor:/opt/ros/jazzy/opt/gz_utils_vendor:/opt/ros/jazzy/opt/gz_tools_vendor:/opt/ros/jazzy/opt/gz_ogre_next_vendor:/opt/ros/jazzy/opt/gz_dartsim_vendor:/opt/ros/jazzy/opt/gz_cmake_vendor:/opt/ros/jazzy DEBUGINFOD_URLS=https://debuginfod.ubuntu.com LD_LIBRARY_PATH=/home/akhil/turtlebot3_ws/install/turtlebot3_msgs/lib:/home/akhil/turtlebot3_ws/install/dynamixel_sdk/lib:${LD_LIBRARY_PATH} PYTHONPATH=/home/akhil/turtlebot3_ws/install/turtlebot3_msgs/lib/python3.12/site-packages:/home/akhil/turtlebot3_ws/install/dynamixel_sdk/lib/python3.12/site-packages:${PYTHONPATH} /usr/bin/cmake /home/akhil/turtlebot3_ws/src/turtlebot3/turtlebot3_node -DAMENT_CMAKE_SYMLINK_INSTALL=1 -DCMAKE_INSTALL_PREFIX=/home/akhil/turtlebot3_ws/install/turtlebot3_node
[6.281s] Invoking command in '/home/akhil/turtlebot3_ws/build/turtlebot3_node': AMENT_PREFIX_PATH=/home/akhil/turtlebot3_ws/install/turtlebot3_msgs:/home/akhil/turtlebot3_ws/install/dynamixel_sdk:${AMENT_PREFIX_PATH} CMAKE_PREFIX_PATH=/home/akhil/turtlebot3_ws/install/turtlebot3_msgs:/home/akhil/turtlebot3_ws/install/dynamixel_sdk:/home/akhil/panda_arm/install/pick_and_plcae_nodes:/home/akhil/panda_arm/install/my_pcl_processor:/home/akhil/panda_arm/install/pick_and_plcae_interface_pkg:/home/akhil/panda_arm/install/panda_moveit_control:/home/akhil/panda_arm/install/panda_moveit_config:/home/akhil/panda_arm/install/panda_description:/home/akhil/panda_arm/install/feature_extractor_pkg:/opt/ros/jazzy/opt/gz_sim_vendor:/opt/ros/jazzy/opt/gz_sensors_vendor:/opt/ros/jazzy/opt/gz_physics_vendor:/opt/ros/jazzy/opt/sdformat_vendor:/opt/ros/jazzy/opt/gz_gui_vendor:/opt/ros/jazzy/opt/gz_transport_vendor:/opt/ros/jazzy/opt/gz_rendering_vendor:/opt/ros/jazzy/opt/gz_plugin_vendor:/opt/ros/jazzy/opt/gz_fuel_tools_vendor:/opt/ros/jazzy/opt/gz_msgs_vendor:/opt/ros/jazzy/opt/gz_common_vendor:/opt/ros/jazzy/opt/gz_math_vendor:/opt/ros/jazzy/opt/gz_utils_vendor:/opt/ros/jazzy/opt/gz_tools_vendor:/opt/ros/jazzy/opt/gz_ogre_next_vendor:/opt/ros/jazzy/opt/gz_dartsim_vendor:/opt/ros/jazzy/opt/gz_cmake_vendor:/opt/ros/jazzy DEBUGINFOD_URLS=https://debuginfod.ubuntu.com LD_LIBRARY_PATH=/home/akhil/turtlebot3_ws/install/turtlebot3_msgs/lib:/home/akhil/turtlebot3_ws/install/dynamixel_sdk/lib:${LD_LIBRARY_PATH} PYTHONPATH=/home/akhil/turtlebot3_ws/install/turtlebot3_msgs/lib/python3.12/site-packages:/home/akhil/turtlebot3_ws/install/dynamixel_sdk/lib/python3.12/site-packages:${PYTHONPATH} /usr/bin/cmake --build /home/akhil/turtlebot3_ws/build/turtlebot3_node -- -j8 -l8
[6.468s] [ 14%] [32mBuilding CXX object CMakeFiles/turtlebot3_node_lib.dir/src/devices/motor_power.cpp.o[0m
[6.472s] [ 21%] [32mBuilding CXX object CMakeFiles/turtlebot3_node_lib.dir/src/diff_drive_controller.cpp.o[0m
[6.473s] [ 21%] [32mBuilding CXX object CMakeFiles/turtlebot3_node_lib.dir/src/devices/reset.cpp.o[0m
[6.474s] [ 28%] [32mBuilding CXX object CMakeFiles/turtlebot3_node_lib.dir/src/devices/sound.cpp.o[0m
[6.474s] [ 35%] [32mBuilding CXX object CMakeFiles/turtlebot3_node_lib.dir/src/dynamixel_sdk_wrapper.cpp.o[0m
[7.557s] [ 42%] [32mBuilding CXX object CMakeFiles/turtlebot3_node_lib.dir/src/turtlebot3.cpp.o[0m
[7.578s] [ 50%] [32mBuilding CXX object CMakeFiles/turtlebot3_node_lib.dir/src/sensors/battery_state.cpp.o[0m
[7.582s] [ 57%] [32mBuilding CXX object CMakeFiles/turtlebot3_node_lib.dir/src/odometry.cpp.o[0m
[10.212s] [ 64%] [32mBuilding CXX object CMakeFiles/turtlebot3_node_lib.dir/src/sensors/imu.cpp.o[0m
[60.686s] [ 71%] [32mBuilding CXX object CMakeFiles/turtlebot3_node_lib.dir/src/sensors/sensor_state.cpp.o[0m
[67.757s] [ 78%] [32mBuilding CXX object CMakeFiles/turtlebot3_node_lib.dir/src/sensors/joint_state.cpp.o[0m
[73.058s] [ 85%] [32m[1mLinking CXX static library libturtlebot3_node_lib.a[0m
[73.870s] [ 85%] Built target turtlebot3_node_lib
[73.893s] [ 92%] [32mBuilding CXX object CMakeFiles/turtlebot3_ros.dir/src/node_main.cpp.o[0m
[78.953s] [100%] [32m[1mLinking CXX executable turtlebot3_ros[0m
[80.785s] [100%] Built target turtlebot3_ros
[80.805s] Invoked command in '/home/akhil/turtlebot3_ws/build/turtlebot3_node' returned '0': AMENT_PREFIX_PATH=/home/akhil/turtlebot3_ws/install/turtlebot3_msgs:/home/akhil/turtlebot3_ws/install/dynamixel_sdk:${AMENT_PREFIX_PATH} CMAKE_PREFIX_PATH=/home/akhil/turtlebot3_ws/install/turtlebot3_msgs:/home/akhil/turtlebot3_ws/install/dynamixel_sdk:/home/akhil/panda_arm/install/pick_and_plcae_nodes:/home/akhil/panda_arm/install/my_pcl_processor:/home/akhil/panda_arm/install/pick_and_plcae_interface_pkg:/home/akhil/panda_arm/install/panda_moveit_control:/home/akhil/panda_arm/install/panda_moveit_config:/home/akhil/panda_arm/install/panda_description:/home/akhil/panda_arm/install/feature_extractor_pkg:/opt/ros/jazzy/opt/gz_sim_vendor:/opt/ros/jazzy/opt/gz_sensors_vendor:/opt/ros/jazzy/opt/gz_physics_vendor:/opt/ros/jazzy/opt/sdformat_vendor:/opt/ros/jazzy/opt/gz_gui_vendor:/opt/ros/jazzy/opt/gz_transport_vendor:/opt/ros/jazzy/opt/gz_rendering_vendor:/opt/ros/jazzy/opt/gz_plugin_vendor:/opt/ros/jazzy/opt/gz_fuel_tools_vendor:/opt/ros/jazzy/opt/gz_msgs_vendor:/opt/ros/jazzy/opt/gz_common_vendor:/opt/ros/jazzy/opt/gz_math_vendor:/opt/ros/jazzy/opt/gz_utils_vendor:/opt/ros/jazzy/opt/gz_tools_vendor:/opt/ros/jazzy/opt/gz_ogre_next_vendor:/opt/ros/jazzy/opt/gz_dartsim_vendor:/opt/ros/jazzy/opt/gz_cmake_vendor:/opt/ros/jazzy DEBUGINFOD_URLS=https://debuginfod.ubuntu.com LD_LIBRARY_PATH=/home/akhil/turtlebot3_ws/install/turtlebot3_msgs/lib:/home/akhil/turtlebot3_ws/install/dynamixel_sdk/lib:${LD_LIBRARY_PATH} PYTHONPATH=/home/akhil/turtlebot3_ws/install/turtlebot3_msgs/lib/python3.12/site-packages:/home/akhil/turtlebot3_ws/install/dynamixel_sdk/lib/python3.12/site-packages:${PYTHONPATH} /usr/bin/cmake --build /home/akhil/turtlebot3_ws/build/turtlebot3_node -- -j8 -l8
[80.807s] Invoking command in '/home/akhil/turtlebot3_ws/build/turtlebot3_node': AMENT_PREFIX_PATH=/home/akhil/turtlebot3_ws/install/turtlebot3_msgs:/home/akhil/turtlebot3_ws/install/dynamixel_sdk:${AMENT_PREFIX_PATH} CMAKE_PREFIX_PATH=/home/akhil/turtlebot3_ws/install/turtlebot3_msgs:/home/akhil/turtlebot3_ws/install/dynamixel_sdk:/home/akhil/panda_arm/install/pick_and_plcae_nodes:/home/akhil/panda_arm/install/my_pcl_processor:/home/akhil/panda_arm/install/pick_and_plcae_interface_pkg:/home/akhil/panda_arm/install/panda_moveit_control:/home/akhil/panda_arm/install/panda_moveit_config:/home/akhil/panda_arm/install/panda_description:/home/akhil/panda_arm/install/feature_extractor_pkg:/opt/ros/jazzy/opt/gz_sim_vendor:/opt/ros/jazzy/opt/gz_sensors_vendor:/opt/ros/jazzy/opt/gz_physics_vendor:/opt/ros/jazzy/opt/sdformat_vendor:/opt/ros/jazzy/opt/gz_gui_vendor:/opt/ros/jazzy/opt/gz_transport_vendor:/opt/ros/jazzy/opt/gz_rendering_vendor:/opt/ros/jazzy/opt/gz_plugin_vendor:/opt/ros/jazzy/opt/gz_fuel_tools_vendor:/opt/ros/jazzy/opt/gz_msgs_vendor:/opt/ros/jazzy/opt/gz_common_vendor:/opt/ros/jazzy/opt/gz_math_vendor:/opt/ros/jazzy/opt/gz_utils_vendor:/opt/ros/jazzy/opt/gz_tools_vendor:/opt/ros/jazzy/opt/gz_ogre_next_vendor:/opt/ros/jazzy/opt/gz_dartsim_vendor:/opt/ros/jazzy/opt/gz_cmake_vendor:/opt/ros/jazzy DEBUGINFOD_URLS=https://debuginfod.ubuntu.com LD_LIBRARY_PATH=/home/akhil/turtlebot3_ws/install/turtlebot3_msgs/lib:/home/akhil/turtlebot3_ws/install/dynamixel_sdk/lib:${LD_LIBRARY_PATH} PYTHONPATH=/home/akhil/turtlebot3_ws/install/turtlebot3_msgs/lib/python3.12/site-packages:/home/akhil/turtlebot3_ws/install/dynamixel_sdk/lib/python3.12/site-packages:${PYTHONPATH} /usr/bin/cmake --install /home/akhil/turtlebot3_ws/build/turtlebot3_node
[80.820s] -- Install configuration: ""
[80.820s] -- Execute custom install script
[80.821s] -- Symlinking: /home/akhil/turtlebot3_ws/install/turtlebot3_node/share/turtlebot3_node/param/burger.yaml
[80.834s] -- Symlinking: /home/akhil/turtlebot3_ws/install/turtlebot3_node/share/turtlebot3_node/param/waffle.yaml
[80.846s] -- Symlinking: /home/akhil/turtlebot3_ws/install/turtlebot3_node/share/turtlebot3_node/param/waffle_pi.yaml
[80.859s] -- Symlinking: /home/akhil/turtlebot3_ws/install/turtlebot3_node/lib/turtlebot3_node/turtlebot3_ros
[80.872s] -- Symlinking: /home/akhil/turtlebot3_ws/install/turtlebot3_node/share/ament_index/resource_index/package_run_dependencies/turtlebot3_node
[80.883s] -- Symlinking: /home/akhil/turtlebot3_ws/install/turtlebot3_node/share/ament_index/resource_index/parent_prefix_path/turtlebot3_node
[80.894s] -- Symlinking: /home/akhil/turtlebot3_ws/install/turtlebot3_node/share/turtlebot3_node/environment/ament_prefix_path.sh
[80.905s] -- Symlinking: /home/akhil/turtlebot3_ws/install/turtlebot3_node/share/turtlebot3_node/environment/ament_prefix_path.dsv
[80.916s] -- Symlinking: /home/akhil/turtlebot3_ws/install/turtlebot3_node/share/turtlebot3_node/environment/path.sh
[80.927s] -- Symlinking: /home/akhil/turtlebot3_ws/install/turtlebot3_node/share/turtlebot3_node/environment/path.dsv
[80.938s] -- Symlinking: /home/akhil/turtlebot3_ws/install/turtlebot3_node/share/turtlebot3_node/local_setup.bash
[80.949s] -- Symlinking: /home/akhil/turtlebot3_ws/install/turtlebot3_node/share/turtlebot3_node/local_setup.sh
[80.961s] -- Symlinking: /home/akhil/turtlebot3_ws/install/turtlebot3_node/share/turtlebot3_node/local_setup.zsh
[80.972s] -- Symlinking: /home/akhil/turtlebot3_ws/install/turtlebot3_node/share/turtlebot3_node/local_setup.dsv
[80.985s] -- Symlinking: /home/akhil/turtlebot3_ws/install/turtlebot3_node/share/turtlebot3_node/package.dsv
[80.997s] -- Symlinking: /home/akhil/turtlebot3_ws/install/turtlebot3_node/share/ament_index/resource_index/packages/turtlebot3_node
[81.010s] -- Symlinking: /home/akhil/turtlebot3_ws/install/turtlebot3_node/share/turtlebot3_node/cmake/ament_cmake_export_dependencies-extras.cmake
[81.023s] -- Symlinking: /home/akhil/turtlebot3_ws/install/turtlebot3_node/share/turtlebot3_node/cmake/ament_cmake_export_include_directories-extras.cmake
[81.037s] -- Symlinking: /home/akhil/turtlebot3_ws/install/turtlebot3_node/share/turtlebot3_node/cmake/turtlebot3_nodeConfig.cmake
[81.051s] -- Symlinking: /home/akhil/turtlebot3_ws/install/turtlebot3_node/share/turtlebot3_node/cmake/turtlebot3_nodeConfig-version.cmake
[81.069s] -- Symlinking: /home/akhil/turtlebot3_ws/install/turtlebot3_node/share/turtlebot3_node/package.xml
[81.090s] Invoked command in '/home/akhil/turtlebot3_ws/build/turtlebot3_node' returned '0': AMENT_PREFIX_PATH=/home/akhil/turtlebot3_ws/install/turtlebot3_msgs:/home/akhil/turtlebot3_ws/install/dynamixel_sdk:${AMENT_PREFIX_PATH} CMAKE_PREFIX_PATH=/home/akhil/turtlebot3_ws/install/turtlebot3_msgs:/home/akhil/turtlebot3_ws/install/dynamixel_sdk:/home/akhil/panda_arm/install/pick_and_plcae_nodes:/home/akhil/panda_arm/install/my_pcl_processor:/home/akhil/panda_arm/install/pick_and_plcae_interface_pkg:/home/akhil/panda_arm/install/panda_moveit_control:/home/akhil/panda_arm/install/panda_moveit_config:/home/akhil/panda_arm/install/panda_description:/home/akhil/panda_arm/install/feature_extractor_pkg:/opt/ros/jazzy/opt/gz_sim_vendor:/opt/ros/jazzy/opt/gz_sensors_vendor:/opt/ros/jazzy/opt/gz_physics_vendor:/opt/ros/jazzy/opt/sdformat_vendor:/opt/ros/jazzy/opt/gz_gui_vendor:/opt/ros/jazzy/opt/gz_transport_vendor:/opt/ros/jazzy/opt/gz_rendering_vendor:/opt/ros/jazzy/opt/gz_plugin_vendor:/opt/ros/jazzy/opt/gz_fuel_tools_vendor:/opt/ros/jazzy/opt/gz_msgs_vendor:/opt/ros/jazzy/opt/gz_common_vendor:/opt/ros/jazzy/opt/gz_math_vendor:/opt/ros/jazzy/opt/gz_utils_vendor:/opt/ros/jazzy/opt/gz_tools_vendor:/opt/ros/jazzy/opt/gz_ogre_next_vendor:/opt/ros/jazzy/opt/gz_dartsim_vendor:/opt/ros/jazzy/opt/gz_cmake_vendor:/opt/ros/jazzy DEBUGINFOD_URLS=https://debuginfod.ubuntu.com LD_LIBRARY_PATH=/home/akhil/turtlebot3_ws/install/turtlebot3_msgs/lib:/home/akhil/turtlebot3_ws/install/dynamixel_sdk/lib:${LD_LIBRARY_PATH} PYTHONPATH=/home/akhil/turtlebot3_ws/install/turtlebot3_msgs/lib/python3.12/site-packages:/home/akhil/turtlebot3_ws/install/dynamixel_sdk/lib/python3.12/site-packages:${PYTHONPATH} /usr/bin/cmake --install /home/akhil/turtlebot3_ws/build/turtlebot3_node
