[0.059s] Invoking command in '/home/akhil/turtlebot3_ws/build/dynamixel_sdk': CMAKE_PREFIX_PATH=${CMAKE_PREFIX_PATH}:/home/akhil/turtlebot3_ws/install/turtlebot3_teleop:/home/akhil/turtlebot3_ws/install/turtlebot3_example:/opt/ros/jazzy DEBUGINFOD_URLS=https://debuginfod.ubuntu.com /usr/bin/cmake --build /home/akhil/turtlebot3_ws/build/dynamixel_sdk -- -j8 -l8
[0.215s] [ 23%] Built target ament_cmake_python_symlink_dynamixel_sdk
[0.215s] [100%] Built target dynamixel_sdk
[1.230s] running egg_info
[1.326s] writing dynamixel_sdk.egg-info/PKG-INFO
[1.329s] writing dependency_links to dynamixel_sdk.egg-info/dependency_links.txt
[1.329s] writing top-level names to dynamixel_sdk.egg-info/top_level.txt
[1.653s] reading manifest file 'dynamixel_sdk.egg-info/SOURCES.txt'
[1.655s] writing manifest file 'dynamixel_sdk.egg-info/SOURCES.txt'
[1.722s] [100%] Built target ament_cmake_python_build_dynamixel_sdk_egg
[1.758s] Invoked command in '/home/akhil/turtlebot3_ws/build/dynamixel_sdk' returned '0': CMAKE_PREFIX_PATH=${CMAKE_PREFIX_PATH}:/home/akhil/turtlebot3_ws/install/turtlebot3_teleop:/home/akhil/turtlebot3_ws/install/turtlebot3_example:/opt/ros/jazzy DEBUGINFOD_URLS=https://debuginfod.ubuntu.com /usr/bin/cmake --build /home/akhil/turtlebot3_ws/build/dynamixel_sdk -- -j8 -l8
[1.764s] Invoking command in '/home/akhil/turtlebot3_ws/build/dynamixel_sdk': CMAKE_PREFIX_PATH=${CMAKE_PREFIX_PATH}:/home/akhil/turtlebot3_ws/install/turtlebot3_teleop:/home/akhil/turtlebot3_ws/install/turtlebot3_example:/opt/ros/jazzy DEBUGINFOD_URLS=https://debuginfod.ubuntu.com /usr/bin/cmake --install /home/akhil/turtlebot3_ws/build/dynamixel_sdk
[1.795s] -- Install configuration: ""
[1.797s] -- Execute custom install script
[1.800s] -- Up-to-date symlink: /home/akhil/turtlebot3_ws/install/dynamixel_sdk/include//dynamixel_sdk/dynamixel_sdk.h
[1.800s] -- Up-to-date symlink: /home/akhil/turtlebot3_ws/install/dynamixel_sdk/include//dynamixel_sdk/group_bulk_read.h
[1.800s] -- Up-to-date symlink: /home/akhil/turtlebot3_ws/install/dynamixel_sdk/include//dynamixel_sdk/group_bulk_write.h
[1.801s] -- Up-to-date symlink: /home/akhil/turtlebot3_ws/install/dynamixel_sdk/include//dynamixel_sdk/group_fast_bulk_read.h
[1.801s] -- Up-to-date symlink: /home/akhil/turtlebot3_ws/install/dynamixel_sdk/include//dynamixel_sdk/group_fast_sync_read.h
[1.801s] -- Up-to-date symlink: /home/akhil/turtlebot3_ws/install/dynamixel_sdk/include//dynamixel_sdk/group_handler.h
[1.802s] -- Up-to-date symlink: /home/akhil/turtlebot3_ws/install/dynamixel_sdk/include//dynamixel_sdk/group_sync_read.h
[1.802s] -- Up-to-date symlink: /home/akhil/turtlebot3_ws/install/dynamixel_sdk/include//dynamixel_sdk/group_sync_write.h
[1.803s] -- Up-to-date symlink: /home/akhil/turtlebot3_ws/install/dynamixel_sdk/include//dynamixel_sdk/packet_handler.h
[1.803s] -- Up-to-date symlink: /home/akhil/turtlebot3_ws/install/dynamixel_sdk/include//dynamixel_sdk/port_handler.h
[1.804s] -- Up-to-date symlink: /home/akhil/turtlebot3_ws/install/dynamixel_sdk/include//dynamixel_sdk/port_handler_arduino.h
[1.804s] -- Up-to-date symlink: /home/akhil/turtlebot3_ws/install/dynamixel_sdk/include//dynamixel_sdk/port_handler_linux.h
[1.806s] -- Up-to-date symlink: /home/akhil/turtlebot3_ws/install/dynamixel_sdk/include//dynamixel_sdk/port_handler_mac.h
[1.806s] -- Up-to-date symlink: /home/akhil/turtlebot3_ws/install/dynamixel_sdk/include//dynamixel_sdk/port_handler_windows.h
[1.806s] -- Up-to-date symlink: /home/akhil/turtlebot3_ws/install/dynamixel_sdk/include//dynamixel_sdk/protocol1_packet_handler.h
[1.807s] -- Up-to-date symlink: /home/akhil/turtlebot3_ws/install/dynamixel_sdk/include//dynamixel_sdk/protocol2_packet_handler.h
[1.807s] -- Up-to-date symlink: /home/akhil/turtlebot3_ws/install/dynamixel_sdk/share/dynamixel_sdk/environment/pythonpath.sh
[1.807s] -- Up-to-date symlink: /home/akhil/turtlebot3_ws/install/dynamixel_sdk/share/dynamixel_sdk/environment/pythonpath.dsv
[1.808s] -- Up-to-date symlink: /home/akhil/turtlebot3_ws/install/dynamixel_sdk/lib/python3.12/site-packages/dynamixel_sdk-3.8.4-py3.12.egg-info/PKG-INFO
[1.809s] -- Up-to-date symlink: /home/akhil/turtlebot3_ws/install/dynamixel_sdk/lib/python3.12/site-packages/dynamixel_sdk-3.8.4-py3.12.egg-info/SOURCES.txt
[1.811s] -- Up-to-date symlink: /home/akhil/turtlebot3_ws/install/dynamixel_sdk/lib/python3.12/site-packages/dynamixel_sdk-3.8.4-py3.12.egg-info/dependency_links.txt
[1.811s] -- Up-to-date symlink: /home/akhil/turtlebot3_ws/install/dynamixel_sdk/lib/python3.12/site-packages/dynamixel_sdk-3.8.4-py3.12.egg-info/top_level.txt
[1.811s] -- Up-to-date symlink: /home/akhil/turtlebot3_ws/install/dynamixel_sdk/lib/python3.12/site-packages/dynamixel_sdk/__init__.py
[1.811s] -- Up-to-date symlink: /home/akhil/turtlebot3_ws/install/dynamixel_sdk/lib/python3.12/site-packages/dynamixel_sdk/group_bulk_read.cpp
[1.811s] -- Up-to-date symlink: /home/akhil/turtlebot3_ws/install/dynamixel_sdk/lib/python3.12/site-packages/dynamixel_sdk/group_bulk_read.py
[1.811s] -- Up-to-date symlink: /home/akhil/turtlebot3_ws/install/dynamixel_sdk/lib/python3.12/site-packages/dynamixel_sdk/group_bulk_write.cpp
[1.812s] -- Up-to-date symlink: /home/akhil/turtlebot3_ws/install/dynamixel_sdk/lib/python3.12/site-packages/dynamixel_sdk/group_bulk_write.py
[1.812s] -- Up-to-date symlink: /home/akhil/turtlebot3_ws/install/dynamixel_sdk/lib/python3.12/site-packages/dynamixel_sdk/group_fast_bulk_read.cpp
[1.813s] -- Up-to-date symlink: /home/akhil/turtlebot3_ws/install/dynamixel_sdk/lib/python3.12/site-packages/dynamixel_sdk/group_fast_sync_read.cpp
[1.813s] -- Up-to-date symlink: /home/akhil/turtlebot3_ws/install/dynamixel_sdk/lib/python3.12/site-packages/dynamixel_sdk/group_handler.cpp
[1.813s] -- Up-to-date symlink: /home/akhil/turtlebot3_ws/install/dynamixel_sdk/lib/python3.12/site-packages/dynamixel_sdk/group_sync_read.cpp
[1.814s] -- Up-to-date symlink: /home/akhil/turtlebot3_ws/install/dynamixel_sdk/lib/python3.12/site-packages/dynamixel_sdk/group_sync_read.py
[1.817s] -- Up-to-date symlink: /home/akhil/turtlebot3_ws/install/dynamixel_sdk/lib/python3.12/site-packages/dynamixel_sdk/group_sync_write.cpp
[1.817s] -- Up-to-date symlink: /home/akhil/turtlebot3_ws/install/dynamixel_sdk/lib/python3.12/site-packages/dynamixel_sdk/group_sync_write.py
[1.817s] -- Up-to-date symlink: /home/akhil/turtlebot3_ws/install/dynamixel_sdk/lib/python3.12/site-packages/dynamixel_sdk/packet_handler.cpp
[1.817s] -- Up-to-date symlink: /home/akhil/turtlebot3_ws/install/dynamixel_sdk/lib/python3.12/site-packages/dynamixel_sdk/packet_handler.py
[1.817s] -- Up-to-date symlink: /home/akhil/turtlebot3_ws/install/dynamixel_sdk/lib/python3.12/site-packages/dynamixel_sdk/port_handler.cpp
[1.818s] -- Up-to-date symlink: /home/akhil/turtlebot3_ws/install/dynamixel_sdk/lib/python3.12/site-packages/dynamixel_sdk/port_handler.py
[1.818s] -- Up-to-date symlink: /home/akhil/turtlebot3_ws/install/dynamixel_sdk/lib/python3.12/site-packages/dynamixel_sdk/port_handler_arduino.cpp
[1.818s] -- Up-to-date symlink: /home/akhil/turtlebot3_ws/install/dynamixel_sdk/lib/python3.12/site-packages/dynamixel_sdk/port_handler_linux.cpp
[1.818s] -- Up-to-date symlink: /home/akhil/turtlebot3_ws/install/dynamixel_sdk/lib/python3.12/site-packages/dynamixel_sdk/port_handler_mac.cpp
[1.818s] -- Up-to-date symlink: /home/akhil/turtlebot3_ws/install/dynamixel_sdk/lib/python3.12/site-packages/dynamixel_sdk/port_handler_windows.cpp
[1.818s] -- Up-to-date symlink: /home/akhil/turtlebot3_ws/install/dynamixel_sdk/lib/python3.12/site-packages/dynamixel_sdk/protocol1_packet_handler.cpp
[1.818s] -- Up-to-date symlink: /home/akhil/turtlebot3_ws/install/dynamixel_sdk/lib/python3.12/site-packages/dynamixel_sdk/protocol1_packet_handler.py
[1.819s] -- Up-to-date symlink: /home/akhil/turtlebot3_ws/install/dynamixel_sdk/lib/python3.12/site-packages/dynamixel_sdk/protocol2_packet_handler.cpp
[1.819s] -- Up-to-date symlink: /home/akhil/turtlebot3_ws/install/dynamixel_sdk/lib/python3.12/site-packages/dynamixel_sdk/protocol2_packet_handler.py
[1.819s] -- Up-to-date symlink: /home/akhil/turtlebot3_ws/install/dynamixel_sdk/lib/python3.12/site-packages/dynamixel_sdk/robotis_def.py
[1.820s] -- Up-to-date symlink: /home/akhil/turtlebot3_ws/install/dynamixel_sdk/share/dynamixel_sdk/environment/library_path.sh
[1.820s] -- Up-to-date symlink: /home/akhil/turtlebot3_ws/install/dynamixel_sdk/share/dynamixel_sdk/environment/library_path.dsv
[1.820s] -- Up-to-date symlink: /home/akhil/turtlebot3_ws/install/dynamixel_sdk/share/ament_index/resource_index/package_run_dependencies/dynamixel_sdk
[1.820s] -- Up-to-date symlink: /home/akhil/turtlebot3_ws/install/dynamixel_sdk/share/ament_index/resource_index/parent_prefix_path/dynamixel_sdk
[1.820s] -- Up-to-date symlink: /home/akhil/turtlebot3_ws/install/dynamixel_sdk/share/dynamixel_sdk/environment/ament_prefix_path.sh
[1.820s] -- Up-to-date symlink: /home/akhil/turtlebot3_ws/install/dynamixel_sdk/share/dynamixel_sdk/environment/ament_prefix_path.dsv
[1.820s] -- Up-to-date symlink: /home/akhil/turtlebot3_ws/install/dynamixel_sdk/share/dynamixel_sdk/environment/path.sh
[1.820s] -- Up-to-date symlink: /home/akhil/turtlebot3_ws/install/dynamixel_sdk/share/dynamixel_sdk/environment/path.dsv
[1.821s] -- Up-to-date symlink: /home/akhil/turtlebot3_ws/install/dynamixel_sdk/share/dynamixel_sdk/local_setup.bash
[1.821s] -- Up-to-date symlink: /home/akhil/turtlebot3_ws/install/dynamixel_sdk/share/dynamixel_sdk/local_setup.sh
[1.821s] -- Up-to-date symlink: /home/akhil/turtlebot3_ws/install/dynamixel_sdk/share/dynamixel_sdk/local_setup.zsh
[1.821s] -- Up-to-date symlink: /home/akhil/turtlebot3_ws/install/dynamixel_sdk/share/dynamixel_sdk/local_setup.dsv
[1.821s] -- Symlinking: /home/akhil/turtlebot3_ws/install/dynamixel_sdk/share/dynamixel_sdk/package.dsv
[1.828s] -- Up-to-date symlink: /home/akhil/turtlebot3_ws/install/dynamixel_sdk/share/ament_index/resource_index/packages/dynamixel_sdk
[1.828s] -- Up-to-date symlink: /home/akhil/turtlebot3_ws/install/dynamixel_sdk/share/dynamixel_sdk/cmake/ament_cmake_export_targets-extras.cmake
[1.829s] -- Up-to-date symlink: /home/akhil/turtlebot3_ws/install/dynamixel_sdk/share/dynamixel_sdk/cmake/ament_cmake_export_include_directories-extras.cmake
[1.829s] -- Up-to-date symlink: /home/akhil/turtlebot3_ws/install/dynamixel_sdk/share/dynamixel_sdk/cmake/ament_cmake_export_libraries-extras.cmake
[1.830s] -- Up-to-date symlink: /home/akhil/turtlebot3_ws/install/dynamixel_sdk/share/dynamixel_sdk/cmake/dynamixel_sdkConfig.cmake
[1.830s] -- Up-to-date symlink: /home/akhil/turtlebot3_ws/install/dynamixel_sdk/share/dynamixel_sdk/cmake/dynamixel_sdkConfig-version.cmake
[1.831s] -- Up-to-date symlink: /home/akhil/turtlebot3_ws/install/dynamixel_sdk/share/dynamixel_sdk/package.xml
[1.832s] -- Up-to-date: /home/akhil/turtlebot3_ws/install/dynamixel_sdk/lib/libdynamixel_sdk.so
[1.923s] Listing '/home/akhil/turtlebot3_ws/install/dynamixel_sdk/lib/python3.12/site-packages/dynamixel_sdk'...
[1.936s] -- Up-to-date: /home/akhil/turtlebot3_ws/install/dynamixel_sdk/share/dynamixel_sdk/cmake/dynamixel_sdkExport.cmake
[1.936s] -- Up-to-date: /home/akhil/turtlebot3_ws/install/dynamixel_sdk/share/dynamixel_sdk/cmake/dynamixel_sdkExport-noconfig.cmake
[1.993s] Invoked command in '/home/akhil/turtlebot3_ws/build/dynamixel_sdk' returned '0': CMAKE_PREFIX_PATH=${CMAKE_PREFIX_PATH}:/home/akhil/turtlebot3_ws/install/turtlebot3_teleop:/home/akhil/turtlebot3_ws/install/turtlebot3_example:/opt/ros/jazzy DEBUGINFOD_URLS=https://debuginfod.ubuntu.com /usr/bin/cmake --install /home/akhil/turtlebot3_ws/build/dynamixel_sdk
