[0.069s] Invoking command in '/home/akhil/turtlebot3_ws/build/turtlebot3_msgs': CMAKE_PREFIX_PATH=${CMAKE_PREFIX_PATH}:/home/akhil/turtlebot3_ws/install/turtlebot3_teleop:/home/akhil/turtlebot3_ws/install/turtlebot3_example:/opt/ros/jazzy DEBUGINFOD_URLS=https://debuginfod.ubuntu.com /usr/bin/cmake --build /home/akhil/turtlebot3_ws/build/turtlebot3_msgs -- -j8 -l8
[0.224s] [  1%] Built target turtlebot3_msgs__rosidl_generator_type_description
[0.264s] [  1%] Built target ament_cmake_python_symlink_turtlebot3_msgs
[0.301s] [  2%] Built target turtlebot3_msgs__cpp
[0.348s] [ 26%] Built target turtlebot3_msgs__rosidl_generator_c
[0.530s] [ 36%] Built target turtlebot3_msgs__rosidl_typesupport_cpp
[0.546s] [ 45%] Built target turtlebot3_msgs__rosidl_typesupport_introspection_c
[0.556s] [ 55%] Built target turtlebot3_msgs__rosidl_typesupport_fastrtps_cpp
[0.562s] [ 64%] Built target turtlebot3_msgs__rosidl_typesupport_fastrtps_c
[0.565s] [ 74%] Built target turtlebot3_msgs__rosidl_typesupport_c
[0.573s] [ 84%] Built target turtlebot3_msgs__rosidl_typesupport_introspection_cpp
[0.637s] [ 84%] Built target turtlebot3_msgs
[0.703s] [ 85%] Built target turtlebot3_msgs__py
[0.832s] [ 93%] Built target turtlebot3_msgs__rosidl_generator_py
[0.903s] [ 97%] Built target turtlebot3_msgs_s__rosidl_typesupport_introspection_c
[0.905s] [ 97%] Built target turtlebot3_msgs_s__rosidl_typesupport_fastrtps_c
[0.905s] [100%] Built target turtlebot3_msgs_s__rosidl_typesupport_c
[1.309s] running egg_info
[1.420s] writing turtlebot3_msgs.egg-info/PKG-INFO
[1.420s] writing dependency_links to turtlebot3_msgs.egg-info/dependency_links.txt
[1.421s] writing top-level names to turtlebot3_msgs.egg-info/top_level.txt
[1.626s] reading manifest file 'turtlebot3_msgs.egg-info/SOURCES.txt'
[1.631s] writing manifest file 'turtlebot3_msgs.egg-info/SOURCES.txt'
[1.687s] [100%] Built target ament_cmake_python_build_turtlebot3_msgs_egg
[1.712s] Invoked command in '/home/akhil/turtlebot3_ws/build/turtlebot3_msgs' returned '0': CMAKE_PREFIX_PATH=${CMAKE_PREFIX_PATH}:/home/akhil/turtlebot3_ws/install/turtlebot3_teleop:/home/akhil/turtlebot3_ws/install/turtlebot3_example:/opt/ros/jazzy DEBUGINFOD_URLS=https://debuginfod.ubuntu.com /usr/bin/cmake --build /home/akhil/turtlebot3_ws/build/turtlebot3_msgs -- -j8 -l8
[1.715s] Invoking command in '/home/akhil/turtlebot3_ws/build/turtlebot3_msgs': CMAKE_PREFIX_PATH=${CMAKE_PREFIX_PATH}:/home/akhil/turtlebot3_ws/install/turtlebot3_teleop:/home/akhil/turtlebot3_ws/install/turtlebot3_example:/opt/ros/jazzy DEBUGINFOD_URLS=https://debuginfod.ubuntu.com /usr/bin/cmake --install /home/akhil/turtlebot3_ws/build/turtlebot3_msgs
[1.733s] -- Install configuration: ""
[1.734s] -- Execute custom install script
[1.735s] -- Up-to-date symlink: /home/akhil/turtlebot3_ws/install/turtlebot3_msgs/share/ament_index/resource_index/rosidl_interfaces/turtlebot3_msgs
[1.735s] -- Up-to-date symlink: /home/akhil/turtlebot3_ws/install/turtlebot3_msgs/share/turtlebot3_msgs/msg/SensorState.json
[1.736s] -- Up-to-date symlink: /home/akhil/turtlebot3_ws/install/turtlebot3_msgs/share/turtlebot3_msgs/msg/Sound.json
[1.736s] -- Up-to-date symlink: /home/akhil/turtlebot3_ws/install/turtlebot3_msgs/share/turtlebot3_msgs/msg/VersionInfo.json
[1.737s] -- Up-to-date symlink: /home/akhil/turtlebot3_ws/install/turtlebot3_msgs/share/turtlebot3_msgs/srv/Sound.json
[1.737s] -- Up-to-date symlink: /home/akhil/turtlebot3_ws/install/turtlebot3_msgs/share/turtlebot3_msgs/srv/Dqn.json
[1.738s] -- Up-to-date symlink: /home/akhil/turtlebot3_ws/install/turtlebot3_msgs/share/turtlebot3_msgs/srv/Goal.json
[1.738s] -- Up-to-date symlink: /home/akhil/turtlebot3_ws/install/turtlebot3_msgs/share/turtlebot3_msgs/action/Patrol.json
[1.739s] -- Up-to-date symlink: /home/akhil/turtlebot3_ws/install/turtlebot3_msgs/include/turtlebot3_msgs/turtlebot3_msgs/action/detail/patrol__functions.h
[1.740s] -- Up-to-date symlink: /home/akhil/turtlebot3_ws/install/turtlebot3_msgs/include/turtlebot3_msgs/turtlebot3_msgs/action/detail/patrol__struct.h
[1.740s] -- Up-to-date symlink: /home/akhil/turtlebot3_ws/install/turtlebot3_msgs/include/turtlebot3_msgs/turtlebot3_msgs/action/detail/patrol__type_support.h
[1.741s] -- Up-to-date symlink: /home/akhil/turtlebot3_ws/install/turtlebot3_msgs/include/turtlebot3_msgs/turtlebot3_msgs/action/patrol.h
[1.741s] -- Up-to-date symlink: /home/akhil/turtlebot3_ws/install/turtlebot3_msgs/include/turtlebot3_msgs/turtlebot3_msgs/msg/detail/sensor_state__functions.h
[1.741s] -- Up-to-date symlink: /home/akhil/turtlebot3_ws/install/turtlebot3_msgs/include/turtlebot3_msgs/turtlebot3_msgs/msg/detail/sensor_state__struct.h
[1.742s] -- Up-to-date symlink: /home/akhil/turtlebot3_ws/install/turtlebot3_msgs/include/turtlebot3_msgs/turtlebot3_msgs/msg/detail/sensor_state__type_support.h
[1.742s] -- Up-to-date symlink: /home/akhil/turtlebot3_ws/install/turtlebot3_msgs/include/turtlebot3_msgs/turtlebot3_msgs/msg/detail/sound__functions.h
[1.742s] -- Up-to-date symlink: /home/akhil/turtlebot3_ws/install/turtlebot3_msgs/include/turtlebot3_msgs/turtlebot3_msgs/msg/detail/sound__struct.h
[1.743s] -- Up-to-date symlink: /home/akhil/turtlebot3_ws/install/turtlebot3_msgs/include/turtlebot3_msgs/turtlebot3_msgs/msg/detail/sound__type_support.h
[1.743s] -- Up-to-date symlink: /home/akhil/turtlebot3_ws/install/turtlebot3_msgs/include/turtlebot3_msgs/turtlebot3_msgs/msg/detail/version_info__functions.h
[1.744s] -- Up-to-date symlink: /home/akhil/turtlebot3_ws/install/turtlebot3_msgs/include/turtlebot3_msgs/turtlebot3_msgs/msg/detail/version_info__struct.h
[1.744s] -- Up-to-date symlink: /home/akhil/turtlebot3_ws/install/turtlebot3_msgs/include/turtlebot3_msgs/turtlebot3_msgs/msg/detail/version_info__type_support.h
[1.745s] -- Up-to-date symlink: /home/akhil/turtlebot3_ws/install/turtlebot3_msgs/include/turtlebot3_msgs/turtlebot3_msgs/msg/rosidl_generator_c__visibility_control.h
[1.745s] -- Up-to-date symlink: /home/akhil/turtlebot3_ws/install/turtlebot3_msgs/include/turtlebot3_msgs/turtlebot3_msgs/msg/sensor_state.h
[1.745s] -- Up-to-date symlink: /home/akhil/turtlebot3_ws/install/turtlebot3_msgs/include/turtlebot3_msgs/turtlebot3_msgs/msg/sound.h
[1.746s] -- Up-to-date symlink: /home/akhil/turtlebot3_ws/install/turtlebot3_msgs/include/turtlebot3_msgs/turtlebot3_msgs/msg/version_info.h
[1.746s] -- Up-to-date symlink: /home/akhil/turtlebot3_ws/install/turtlebot3_msgs/include/turtlebot3_msgs/turtlebot3_msgs/srv/detail/dqn__functions.h
[1.747s] -- Up-to-date symlink: /home/akhil/turtlebot3_ws/install/turtlebot3_msgs/include/turtlebot3_msgs/turtlebot3_msgs/srv/detail/dqn__struct.h
[1.747s] -- Up-to-date symlink: /home/akhil/turtlebot3_ws/install/turtlebot3_msgs/include/turtlebot3_msgs/turtlebot3_msgs/srv/detail/dqn__type_support.h
[1.748s] -- Up-to-date symlink: /home/akhil/turtlebot3_ws/install/turtlebot3_msgs/include/turtlebot3_msgs/turtlebot3_msgs/srv/detail/goal__functions.h
[1.749s] -- Up-to-date symlink: /home/akhil/turtlebot3_ws/install/turtlebot3_msgs/include/turtlebot3_msgs/turtlebot3_msgs/srv/detail/goal__struct.h
[1.749s] -- Up-to-date symlink: /home/akhil/turtlebot3_ws/install/turtlebot3_msgs/include/turtlebot3_msgs/turtlebot3_msgs/srv/detail/goal__type_support.h
[1.749s] -- Up-to-date symlink: /home/akhil/turtlebot3_ws/install/turtlebot3_msgs/include/turtlebot3_msgs/turtlebot3_msgs/srv/detail/sound__functions.h
[1.750s] -- Up-to-date symlink: /home/akhil/turtlebot3_ws/install/turtlebot3_msgs/include/turtlebot3_msgs/turtlebot3_msgs/srv/detail/sound__struct.h
[1.750s] -- Up-to-date symlink: /home/akhil/turtlebot3_ws/install/turtlebot3_msgs/include/turtlebot3_msgs/turtlebot3_msgs/srv/detail/sound__type_support.h
[1.750s] -- Up-to-date symlink: /home/akhil/turtlebot3_ws/install/turtlebot3_msgs/include/turtlebot3_msgs/turtlebot3_msgs/srv/dqn.h
[1.751s] -- Up-to-date symlink: /home/akhil/turtlebot3_ws/install/turtlebot3_msgs/include/turtlebot3_msgs/turtlebot3_msgs/srv/goal.h
[1.753s] -- Up-to-date symlink: /home/akhil/turtlebot3_ws/install/turtlebot3_msgs/include/turtlebot3_msgs/turtlebot3_msgs/srv/sound.h
[1.754s] -- Up-to-date symlink: /home/akhil/turtlebot3_ws/install/turtlebot3_msgs/share/turtlebot3_msgs/environment/library_path.sh
[1.754s] -- Up-to-date symlink: /home/akhil/turtlebot3_ws/install/turtlebot3_msgs/share/turtlebot3_msgs/environment/library_path.dsv
[1.756s] -- Up-to-date symlink: /home/akhil/turtlebot3_ws/install/turtlebot3_msgs/include/turtlebot3_msgs/turtlebot3_msgs/action/detail/patrol__rosidl_typesupport_fastrtps_c.h
[1.757s] -- Up-to-date symlink: /home/akhil/turtlebot3_ws/install/turtlebot3_msgs/include/turtlebot3_msgs/turtlebot3_msgs/msg/detail/sensor_state__rosidl_typesupport_fastrtps_c.h
[1.757s] -- Up-to-date symlink: /home/akhil/turtlebot3_ws/install/turtlebot3_msgs/include/turtlebot3_msgs/turtlebot3_msgs/msg/detail/sound__rosidl_typesupport_fastrtps_c.h
[1.758s] -- Up-to-date symlink: /home/akhil/turtlebot3_ws/install/turtlebot3_msgs/include/turtlebot3_msgs/turtlebot3_msgs/msg/detail/version_info__rosidl_typesupport_fastrtps_c.h
[1.758s] -- Up-to-date symlink: /home/akhil/turtlebot3_ws/install/turtlebot3_msgs/include/turtlebot3_msgs/turtlebot3_msgs/msg/rosidl_typesupport_fastrtps_c__visibility_control.h
[1.759s] -- Up-to-date symlink: /home/akhil/turtlebot3_ws/install/turtlebot3_msgs/include/turtlebot3_msgs/turtlebot3_msgs/srv/detail/dqn__rosidl_typesupport_fastrtps_c.h
[1.763s] -- Up-to-date symlink: /home/akhil/turtlebot3_ws/install/turtlebot3_msgs/include/turtlebot3_msgs/turtlebot3_msgs/srv/detail/goal__rosidl_typesupport_fastrtps_c.h
[1.763s] -- Up-to-date symlink: /home/akhil/turtlebot3_ws/install/turtlebot3_msgs/include/turtlebot3_msgs/turtlebot3_msgs/srv/detail/sound__rosidl_typesupport_fastrtps_c.h
[1.764s] -- Up-to-date symlink: /home/akhil/turtlebot3_ws/install/turtlebot3_msgs/include/turtlebot3_msgs/turtlebot3_msgs/action/detail/patrol__builder.hpp
[1.766s] -- Up-to-date symlink: /home/akhil/turtlebot3_ws/install/turtlebot3_msgs/include/turtlebot3_msgs/turtlebot3_msgs/action/detail/patrol__struct.hpp
[1.767s] -- Up-to-date symlink: /home/akhil/turtlebot3_ws/install/turtlebot3_msgs/include/turtlebot3_msgs/turtlebot3_msgs/action/detail/patrol__traits.hpp
[1.768s] -- Up-to-date symlink: /home/akhil/turtlebot3_ws/install/turtlebot3_msgs/include/turtlebot3_msgs/turtlebot3_msgs/action/detail/patrol__type_support.hpp
[1.769s] -- Up-to-date symlink: /home/akhil/turtlebot3_ws/install/turtlebot3_msgs/include/turtlebot3_msgs/turtlebot3_msgs/action/patrol.hpp
[1.773s] -- Up-to-date symlink: /home/akhil/turtlebot3_ws/install/turtlebot3_msgs/include/turtlebot3_msgs/turtlebot3_msgs/msg/detail/sensor_state__builder.hpp
[1.773s] -- Up-to-date symlink: /home/akhil/turtlebot3_ws/install/turtlebot3_msgs/include/turtlebot3_msgs/turtlebot3_msgs/msg/detail/sensor_state__struct.hpp
[1.773s] -- Up-to-date symlink: /home/akhil/turtlebot3_ws/install/turtlebot3_msgs/include/turtlebot3_msgs/turtlebot3_msgs/msg/detail/sensor_state__traits.hpp
[1.774s] -- Up-to-date symlink: /home/akhil/turtlebot3_ws/install/turtlebot3_msgs/include/turtlebot3_msgs/turtlebot3_msgs/msg/detail/sensor_state__type_support.hpp
[1.774s] -- Up-to-date symlink: /home/akhil/turtlebot3_ws/install/turtlebot3_msgs/include/turtlebot3_msgs/turtlebot3_msgs/msg/detail/sound__builder.hpp
[1.775s] -- Up-to-date symlink: /home/akhil/turtlebot3_ws/install/turtlebot3_msgs/include/turtlebot3_msgs/turtlebot3_msgs/msg/detail/sound__struct.hpp
[1.775s] -- Up-to-date symlink: /home/akhil/turtlebot3_ws/install/turtlebot3_msgs/include/turtlebot3_msgs/turtlebot3_msgs/msg/detail/sound__traits.hpp
[1.775s] -- Up-to-date symlink: /home/akhil/turtlebot3_ws/install/turtlebot3_msgs/include/turtlebot3_msgs/turtlebot3_msgs/msg/detail/sound__type_support.hpp
[1.776s] -- Up-to-date symlink: /home/akhil/turtlebot3_ws/install/turtlebot3_msgs/include/turtlebot3_msgs/turtlebot3_msgs/msg/detail/version_info__builder.hpp
[1.776s] -- Up-to-date symlink: /home/akhil/turtlebot3_ws/install/turtlebot3_msgs/include/turtlebot3_msgs/turtlebot3_msgs/msg/detail/version_info__struct.hpp
[1.777s] -- Up-to-date symlink: /home/akhil/turtlebot3_ws/install/turtlebot3_msgs/include/turtlebot3_msgs/turtlebot3_msgs/msg/detail/version_info__traits.hpp
[1.779s] -- Up-to-date symlink: /home/akhil/turtlebot3_ws/install/turtlebot3_msgs/include/turtlebot3_msgs/turtlebot3_msgs/msg/detail/version_info__type_support.hpp
[1.780s] -- Up-to-date symlink: /home/akhil/turtlebot3_ws/install/turtlebot3_msgs/include/turtlebot3_msgs/turtlebot3_msgs/msg/rosidl_generator_cpp__visibility_control.hpp
[1.781s] -- Up-to-date symlink: /home/akhil/turtlebot3_ws/install/turtlebot3_msgs/include/turtlebot3_msgs/turtlebot3_msgs/msg/sensor_state.hpp
[1.781s] -- Up-to-date symlink: /home/akhil/turtlebot3_ws/install/turtlebot3_msgs/include/turtlebot3_msgs/turtlebot3_msgs/msg/sound.hpp
[1.781s] -- Up-to-date symlink: /home/akhil/turtlebot3_ws/install/turtlebot3_msgs/include/turtlebot3_msgs/turtlebot3_msgs/msg/version_info.hpp
[1.783s] -- Up-to-date symlink: /home/akhil/turtlebot3_ws/install/turtlebot3_msgs/include/turtlebot3_msgs/turtlebot3_msgs/srv/detail/dqn__builder.hpp
[1.784s] -- Up-to-date symlink: /home/akhil/turtlebot3_ws/install/turtlebot3_msgs/include/turtlebot3_msgs/turtlebot3_msgs/srv/detail/dqn__struct.hpp
[1.784s] -- Up-to-date symlink: /home/akhil/turtlebot3_ws/install/turtlebot3_msgs/include/turtlebot3_msgs/turtlebot3_msgs/srv/detail/dqn__traits.hpp
[1.784s] -- Up-to-date symlink: /home/akhil/turtlebot3_ws/install/turtlebot3_msgs/include/turtlebot3_msgs/turtlebot3_msgs/srv/detail/dqn__type_support.hpp
[1.784s] -- Up-to-date symlink: /home/akhil/turtlebot3_ws/install/turtlebot3_msgs/include/turtlebot3_msgs/turtlebot3_msgs/srv/detail/goal__builder.hpp
[1.785s] -- Up-to-date symlink: /home/akhil/turtlebot3_ws/install/turtlebot3_msgs/include/turtlebot3_msgs/turtlebot3_msgs/srv/detail/goal__struct.hpp
[1.785s] -- Up-to-date symlink: /home/akhil/turtlebot3_ws/install/turtlebot3_msgs/include/turtlebot3_msgs/turtlebot3_msgs/srv/detail/goal__traits.hpp
[1.786s] -- Up-to-date symlink: /home/akhil/turtlebot3_ws/install/turtlebot3_msgs/include/turtlebot3_msgs/turtlebot3_msgs/srv/detail/goal__type_support.hpp
[1.786s] -- Up-to-date symlink: /home/akhil/turtlebot3_ws/install/turtlebot3_msgs/include/turtlebot3_msgs/turtlebot3_msgs/srv/detail/sound__builder.hpp
[1.787s] -- Up-to-date symlink: /home/akhil/turtlebot3_ws/install/turtlebot3_msgs/include/turtlebot3_msgs/turtlebot3_msgs/srv/detail/sound__struct.hpp
[1.787s] -- Up-to-date symlink: /home/akhil/turtlebot3_ws/install/turtlebot3_msgs/include/turtlebot3_msgs/turtlebot3_msgs/srv/detail/sound__traits.hpp
[1.788s] -- Up-to-date symlink: /home/akhil/turtlebot3_ws/install/turtlebot3_msgs/include/turtlebot3_msgs/turtlebot3_msgs/srv/detail/sound__type_support.hpp
[1.788s] -- Up-to-date symlink: /home/akhil/turtlebot3_ws/install/turtlebot3_msgs/include/turtlebot3_msgs/turtlebot3_msgs/srv/dqn.hpp
[1.789s] -- Up-to-date symlink: /home/akhil/turtlebot3_ws/install/turtlebot3_msgs/include/turtlebot3_msgs/turtlebot3_msgs/srv/goal.hpp
[1.789s] -- Up-to-date symlink: /home/akhil/turtlebot3_ws/install/turtlebot3_msgs/include/turtlebot3_msgs/turtlebot3_msgs/srv/sound.hpp
[1.790s] -- Up-to-date symlink: /home/akhil/turtlebot3_ws/install/turtlebot3_msgs/include/turtlebot3_msgs/turtlebot3_msgs/action/detail/patrol__rosidl_typesupport_fastrtps_cpp.hpp
[1.794s] -- Up-to-date symlink: /home/akhil/turtlebot3_ws/install/turtlebot3_msgs/include/turtlebot3_msgs/turtlebot3_msgs/msg/detail/sensor_state__rosidl_typesupport_fastrtps_cpp.hpp
[1.794s] -- Up-to-date symlink: /home/akhil/turtlebot3_ws/install/turtlebot3_msgs/include/turtlebot3_msgs/turtlebot3_msgs/msg/detail/sound__rosidl_typesupport_fastrtps_cpp.hpp
[1.795s] -- Up-to-date symlink: /home/akhil/turtlebot3_ws/install/turtlebot3_msgs/include/turtlebot3_msgs/turtlebot3_msgs/msg/detail/version_info__rosidl_typesupport_fastrtps_cpp.hpp
[1.795s] -- Up-to-date symlink: /home/akhil/turtlebot3_ws/install/turtlebot3_msgs/include/turtlebot3_msgs/turtlebot3_msgs/msg/rosidl_typesupport_fastrtps_cpp__visibility_control.h
[1.795s] -- Up-to-date symlink: /home/akhil/turtlebot3_ws/install/turtlebot3_msgs/include/turtlebot3_msgs/turtlebot3_msgs/srv/detail/dqn__rosidl_typesupport_fastrtps_cpp.hpp
[1.795s] -- Up-to-date symlink: /home/akhil/turtlebot3_ws/install/turtlebot3_msgs/include/turtlebot3_msgs/turtlebot3_msgs/srv/detail/goal__rosidl_typesupport_fastrtps_cpp.hpp
[1.796s] -- Up-to-date symlink: /home/akhil/turtlebot3_ws/install/turtlebot3_msgs/include/turtlebot3_msgs/turtlebot3_msgs/srv/detail/sound__rosidl_typesupport_fastrtps_cpp.hpp
[1.796s] -- Up-to-date symlink: /home/akhil/turtlebot3_ws/install/turtlebot3_msgs/include/turtlebot3_msgs/turtlebot3_msgs/action/detail/patrol__rosidl_typesupport_introspection_c.h
[1.796s] -- Up-to-date symlink: /home/akhil/turtlebot3_ws/install/turtlebot3_msgs/include/turtlebot3_msgs/turtlebot3_msgs/msg/detail/sensor_state__rosidl_typesupport_introspection_c.h
[1.797s] -- Up-to-date symlink: /home/akhil/turtlebot3_ws/install/turtlebot3_msgs/include/turtlebot3_msgs/turtlebot3_msgs/msg/detail/sound__rosidl_typesupport_introspection_c.h
[1.797s] -- Up-to-date symlink: /home/akhil/turtlebot3_ws/install/turtlebot3_msgs/include/turtlebot3_msgs/turtlebot3_msgs/msg/detail/version_info__rosidl_typesupport_introspection_c.h
[1.797s] -- Up-to-date symlink: /home/akhil/turtlebot3_ws/install/turtlebot3_msgs/include/turtlebot3_msgs/turtlebot3_msgs/msg/rosidl_typesupport_introspection_c__visibility_control.h
[1.798s] -- Up-to-date symlink: /home/akhil/turtlebot3_ws/install/turtlebot3_msgs/include/turtlebot3_msgs/turtlebot3_msgs/srv/detail/dqn__rosidl_typesupport_introspection_c.h
[1.798s] -- Up-to-date symlink: /home/akhil/turtlebot3_ws/install/turtlebot3_msgs/include/turtlebot3_msgs/turtlebot3_msgs/srv/detail/goal__rosidl_typesupport_introspection_c.h
[1.801s] -- Up-to-date symlink: /home/akhil/turtlebot3_ws/install/turtlebot3_msgs/include/turtlebot3_msgs/turtlebot3_msgs/srv/detail/sound__rosidl_typesupport_introspection_c.h
[1.801s] -- Up-to-date symlink: /home/akhil/turtlebot3_ws/install/turtlebot3_msgs/include/turtlebot3_msgs/turtlebot3_msgs/action/detail/patrol__rosidl_typesupport_introspection_cpp.hpp
[1.802s] -- Up-to-date symlink: /home/akhil/turtlebot3_ws/install/turtlebot3_msgs/include/turtlebot3_msgs/turtlebot3_msgs/msg/detail/sensor_state__rosidl_typesupport_introspection_cpp.hpp
[1.802s] -- Up-to-date symlink: /home/akhil/turtlebot3_ws/install/turtlebot3_msgs/include/turtlebot3_msgs/turtlebot3_msgs/msg/detail/sound__rosidl_typesupport_introspection_cpp.hpp
[1.802s] -- Up-to-date symlink: /home/akhil/turtlebot3_ws/install/turtlebot3_msgs/include/turtlebot3_msgs/turtlebot3_msgs/msg/detail/version_info__rosidl_typesupport_introspection_cpp.hpp
[1.803s] -- Up-to-date symlink: /home/akhil/turtlebot3_ws/install/turtlebot3_msgs/include/turtlebot3_msgs/turtlebot3_msgs/srv/detail/dqn__rosidl_typesupport_introspection_cpp.hpp
[1.804s] -- Up-to-date symlink: /home/akhil/turtlebot3_ws/install/turtlebot3_msgs/include/turtlebot3_msgs/turtlebot3_msgs/srv/detail/goal__rosidl_typesupport_introspection_cpp.hpp
[1.805s] -- Up-to-date symlink: /home/akhil/turtlebot3_ws/install/turtlebot3_msgs/include/turtlebot3_msgs/turtlebot3_msgs/srv/detail/sound__rosidl_typesupport_introspection_cpp.hpp
[1.805s] -- Up-to-date symlink: /home/akhil/turtlebot3_ws/install/turtlebot3_msgs/share/turtlebot3_msgs/environment/pythonpath.sh
[1.805s] -- Up-to-date symlink: /home/akhil/turtlebot3_ws/install/turtlebot3_msgs/share/turtlebot3_msgs/environment/pythonpath.dsv
[1.806s] -- Up-to-date symlink: /home/akhil/turtlebot3_ws/install/turtlebot3_msgs/lib/python3.12/site-packages/turtlebot3_msgs-2.4.0-py3.12.egg-info/PKG-INFO
[1.806s] -- Up-to-date symlink: /home/akhil/turtlebot3_ws/install/turtlebot3_msgs/lib/python3.12/site-packages/turtlebot3_msgs-2.4.0-py3.12.egg-info/SOURCES.txt
[1.807s] -- Up-to-date symlink: /home/akhil/turtlebot3_ws/install/turtlebot3_msgs/lib/python3.12/site-packages/turtlebot3_msgs-2.4.0-py3.12.egg-info/dependency_links.txt
[1.807s] -- Up-to-date symlink: /home/akhil/turtlebot3_ws/install/turtlebot3_msgs/lib/python3.12/site-packages/turtlebot3_msgs-2.4.0-py3.12.egg-info/top_level.txt
[1.810s] -- Up-to-date symlink: /home/akhil/turtlebot3_ws/install/turtlebot3_msgs/lib/python3.12/site-packages/turtlebot3_msgs/__init__.py
[1.810s] -- Up-to-date symlink: /home/akhil/turtlebot3_ws/install/turtlebot3_msgs/lib/python3.12/site-packages/turtlebot3_msgs/_turtlebot3_msgs_s.ep.rosidl_typesupport_c.c
[1.811s] -- Up-to-date symlink: /home/akhil/turtlebot3_ws/install/turtlebot3_msgs/lib/python3.12/site-packages/turtlebot3_msgs/_turtlebot3_msgs_s.ep.rosidl_typesupport_fastrtps_c.c
[1.811s] -- Up-to-date symlink: /home/akhil/turtlebot3_ws/install/turtlebot3_msgs/lib/python3.12/site-packages/turtlebot3_msgs/_turtlebot3_msgs_s.ep.rosidl_typesupport_introspection_c.c
[1.812s] -- Up-to-date symlink: /home/akhil/turtlebot3_ws/install/turtlebot3_msgs/lib/python3.12/site-packages/turtlebot3_msgs/action/__init__.py
[1.812s] -- Up-to-date symlink: /home/akhil/turtlebot3_ws/install/turtlebot3_msgs/lib/python3.12/site-packages/turtlebot3_msgs/action/_patrol.py
[1.812s] -- Up-to-date symlink: /home/akhil/turtlebot3_ws/install/turtlebot3_msgs/lib/python3.12/site-packages/turtlebot3_msgs/action/_patrol_s.c
[1.812s] -- Up-to-date symlink: /home/akhil/turtlebot3_ws/install/turtlebot3_msgs/lib/python3.12/site-packages/turtlebot3_msgs/msg/__init__.py
[1.813s] -- Up-to-date symlink: /home/akhil/turtlebot3_ws/install/turtlebot3_msgs/lib/python3.12/site-packages/turtlebot3_msgs/msg/_sensor_state.py
[1.815s] -- Up-to-date symlink: /home/akhil/turtlebot3_ws/install/turtlebot3_msgs/lib/python3.12/site-packages/turtlebot3_msgs/msg/_sensor_state_s.c
[1.815s] -- Up-to-date symlink: /home/akhil/turtlebot3_ws/install/turtlebot3_msgs/lib/python3.12/site-packages/turtlebot3_msgs/msg/_sound.py
[1.817s] -- Up-to-date symlink: /home/akhil/turtlebot3_ws/install/turtlebot3_msgs/lib/python3.12/site-packages/turtlebot3_msgs/msg/_sound_s.c
[1.817s] -- Up-to-date symlink: /home/akhil/turtlebot3_ws/install/turtlebot3_msgs/lib/python3.12/site-packages/turtlebot3_msgs/msg/_version_info.py
[1.818s] -- Up-to-date symlink: /home/akhil/turtlebot3_ws/install/turtlebot3_msgs/lib/python3.12/site-packages/turtlebot3_msgs/msg/_version_info_s.c
[1.819s] -- Up-to-date symlink: /home/akhil/turtlebot3_ws/install/turtlebot3_msgs/lib/python3.12/site-packages/turtlebot3_msgs/srv/__init__.py
[1.819s] -- Up-to-date symlink: /home/akhil/turtlebot3_ws/install/turtlebot3_msgs/lib/python3.12/site-packages/turtlebot3_msgs/srv/_dqn.py
[1.819s] -- Up-to-date symlink: /home/akhil/turtlebot3_ws/install/turtlebot3_msgs/lib/python3.12/site-packages/turtlebot3_msgs/srv/_dqn_s.c
[1.821s] -- Up-to-date symlink: /home/akhil/turtlebot3_ws/install/turtlebot3_msgs/lib/python3.12/site-packages/turtlebot3_msgs/srv/_goal.py
[1.822s] -- Up-to-date symlink: /home/akhil/turtlebot3_ws/install/turtlebot3_msgs/lib/python3.12/site-packages/turtlebot3_msgs/srv/_goal_s.c
[1.822s] -- Up-to-date symlink: /home/akhil/turtlebot3_ws/install/turtlebot3_msgs/lib/python3.12/site-packages/turtlebot3_msgs/srv/_sound.py
[1.822s] -- Up-to-date symlink: /home/akhil/turtlebot3_ws/install/turtlebot3_msgs/lib/python3.12/site-packages/turtlebot3_msgs/srv/_sound_s.c
[1.823s] -- Up-to-date symlink: /home/akhil/turtlebot3_ws/install/turtlebot3_msgs/lib/python3.12/site-packages/turtlebot3_msgs/turtlebot3_msgs_s__rosidl_typesupport_c.so
[1.823s] -- Up-to-date symlink: /home/akhil/turtlebot3_ws/install/turtlebot3_msgs/lib/python3.12/site-packages/turtlebot3_msgs/turtlebot3_msgs_s__rosidl_typesupport_fastrtps_c.so
[1.823s] -- Up-to-date symlink: /home/akhil/turtlebot3_ws/install/turtlebot3_msgs/lib/python3.12/site-packages/turtlebot3_msgs/turtlebot3_msgs_s__rosidl_typesupport_introspection_c.so
[1.823s] -- Up-to-date symlink: /home/akhil/turtlebot3_ws/install/turtlebot3_msgs/lib/python3.12/site-packages/turtlebot3_msgs/turtlebot3_msgs_s__rosidl_typesupport_fastrtps_c.so
[1.823s] -- Up-to-date symlink: /home/akhil/turtlebot3_ws/install/turtlebot3_msgs/lib/python3.12/site-packages/turtlebot3_msgs/turtlebot3_msgs_s__rosidl_typesupport_introspection_c.so
[1.824s] -- Up-to-date symlink: /home/akhil/turtlebot3_ws/install/turtlebot3_msgs/lib/python3.12/site-packages/turtlebot3_msgs/turtlebot3_msgs_s__rosidl_typesupport_c.so
[1.824s] -- Up-to-date symlink: /home/akhil/turtlebot3_ws/install/turtlebot3_msgs/share/turtlebot3_msgs/msg/SensorState.idl
[1.824s] -- Up-to-date symlink: /home/akhil/turtlebot3_ws/install/turtlebot3_msgs/share/turtlebot3_msgs/msg/Sound.idl
[1.824s] -- Up-to-date symlink: /home/akhil/turtlebot3_ws/install/turtlebot3_msgs/share/turtlebot3_msgs/msg/VersionInfo.idl
[1.824s] -- Up-to-date symlink: /home/akhil/turtlebot3_ws/install/turtlebot3_msgs/share/turtlebot3_msgs/srv/Sound.idl
[1.826s] -- Up-to-date symlink: /home/akhil/turtlebot3_ws/install/turtlebot3_msgs/share/turtlebot3_msgs/srv/Dqn.idl
[1.826s] -- Up-to-date symlink: /home/akhil/turtlebot3_ws/install/turtlebot3_msgs/share/turtlebot3_msgs/srv/Goal.idl
[1.827s] -- Up-to-date symlink: /home/akhil/turtlebot3_ws/install/turtlebot3_msgs/share/turtlebot3_msgs/action/Patrol.idl
[1.827s] -- Up-to-date symlink: /home/akhil/turtlebot3_ws/install/turtlebot3_msgs/share/turtlebot3_msgs/msg/SensorState.msg
[1.827s] -- Up-to-date symlink: /home/akhil/turtlebot3_ws/install/turtlebot3_msgs/share/turtlebot3_msgs/msg/Sound.msg
[1.828s] -- Up-to-date symlink: /home/akhil/turtlebot3_ws/install/turtlebot3_msgs/share/turtlebot3_msgs/msg/VersionInfo.msg
[1.828s] -- Up-to-date symlink: /home/akhil/turtlebot3_ws/install/turtlebot3_msgs/share/turtlebot3_msgs/srv/Sound.srv
[1.829s] -- Up-to-date symlink: /home/akhil/turtlebot3_ws/install/turtlebot3_msgs/share/turtlebot3_msgs/srv/Dqn.srv
[1.829s] -- Up-to-date symlink: /home/akhil/turtlebot3_ws/install/turtlebot3_msgs/share/turtlebot3_msgs/srv/Goal.srv
[1.829s] -- Up-to-date symlink: /home/akhil/turtlebot3_ws/install/turtlebot3_msgs/share/turtlebot3_msgs/action/Patrol.action
[1.829s] -- Up-to-date symlink: /home/akhil/turtlebot3_ws/install/turtlebot3_msgs/share/ament_index/resource_index/package_run_dependencies/turtlebot3_msgs
[1.830s] -- Up-to-date symlink: /home/akhil/turtlebot3_ws/install/turtlebot3_msgs/share/ament_index/resource_index/parent_prefix_path/turtlebot3_msgs
[1.830s] -- Up-to-date symlink: /home/akhil/turtlebot3_ws/install/turtlebot3_msgs/share/turtlebot3_msgs/environment/ament_prefix_path.sh
[1.830s] -- Up-to-date symlink: /home/akhil/turtlebot3_ws/install/turtlebot3_msgs/share/turtlebot3_msgs/environment/ament_prefix_path.dsv
[1.830s] -- Up-to-date symlink: /home/akhil/turtlebot3_ws/install/turtlebot3_msgs/share/turtlebot3_msgs/environment/path.sh
[1.830s] -- Up-to-date symlink: /home/akhil/turtlebot3_ws/install/turtlebot3_msgs/share/turtlebot3_msgs/environment/path.dsv
[1.832s] -- Up-to-date symlink: /home/akhil/turtlebot3_ws/install/turtlebot3_msgs/share/turtlebot3_msgs/local_setup.bash
[1.832s] -- Up-to-date symlink: /home/akhil/turtlebot3_ws/install/turtlebot3_msgs/share/turtlebot3_msgs/local_setup.sh
[1.832s] -- Up-to-date symlink: /home/akhil/turtlebot3_ws/install/turtlebot3_msgs/share/turtlebot3_msgs/local_setup.zsh
[1.833s] -- Up-to-date symlink: /home/akhil/turtlebot3_ws/install/turtlebot3_msgs/share/turtlebot3_msgs/local_setup.dsv
[1.833s] -- Symlinking: /home/akhil/turtlebot3_ws/install/turtlebot3_msgs/share/turtlebot3_msgs/package.dsv
[1.840s] -- Up-to-date symlink: /home/akhil/turtlebot3_ws/install/turtlebot3_msgs/share/ament_index/resource_index/packages/turtlebot3_msgs
[1.840s] -- Up-to-date symlink: /home/akhil/turtlebot3_ws/install/turtlebot3_msgs/share/turtlebot3_msgs/cmake/rosidl_cmake-extras.cmake
[1.840s] -- Up-to-date symlink: /home/akhil/turtlebot3_ws/install/turtlebot3_msgs/share/turtlebot3_msgs/cmake/ament_cmake_export_dependencies-extras.cmake
[1.841s] -- Up-to-date symlink: /home/akhil/turtlebot3_ws/install/turtlebot3_msgs/share/turtlebot3_msgs/cmake/ament_cmake_export_include_directories-extras.cmake
[1.841s] -- Up-to-date symlink: /home/akhil/turtlebot3_ws/install/turtlebot3_msgs/share/turtlebot3_msgs/cmake/ament_cmake_export_libraries-extras.cmake
[1.841s] -- Up-to-date symlink: /home/akhil/turtlebot3_ws/install/turtlebot3_msgs/share/turtlebot3_msgs/cmake/ament_cmake_export_targets-extras.cmake
[1.841s] -- Up-to-date symlink: /home/akhil/turtlebot3_ws/install/turtlebot3_msgs/share/turtlebot3_msgs/cmake/rosidl_cmake_export_typesupport_targets-extras.cmake
[1.842s] -- Up-to-date symlink: /home/akhil/turtlebot3_ws/install/turtlebot3_msgs/share/turtlebot3_msgs/cmake/rosidl_cmake_export_typesupport_libraries-extras.cmake
[1.842s] -- Up-to-date symlink: /home/akhil/turtlebot3_ws/install/turtlebot3_msgs/share/turtlebot3_msgs/cmake/turtlebot3_msgsConfig.cmake
[1.842s] -- Up-to-date symlink: /home/akhil/turtlebot3_ws/install/turtlebot3_msgs/share/turtlebot3_msgs/cmake/turtlebot3_msgsConfig-version.cmake
[1.842s] -- Up-to-date symlink: /home/akhil/turtlebot3_ws/install/turtlebot3_msgs/share/turtlebot3_msgs/package.xml
[1.843s] -- Up-to-date: /home/akhil/turtlebot3_ws/install/turtlebot3_msgs/lib/libturtlebot3_msgs__rosidl_generator_c.so
[1.844s] -- Up-to-date: /home/akhil/turtlebot3_ws/install/turtlebot3_msgs/lib/libturtlebot3_msgs__rosidl_typesupport_fastrtps_c.so
[1.845s] -- Up-to-date: /home/akhil/turtlebot3_ws/install/turtlebot3_msgs/lib/libturtlebot3_msgs__rosidl_typesupport_fastrtps_cpp.so
[1.845s] -- Up-to-date: /home/akhil/turtlebot3_ws/install/turtlebot3_msgs/lib/libturtlebot3_msgs__rosidl_typesupport_introspection_c.so
[1.846s] -- Up-to-date: /home/akhil/turtlebot3_ws/install/turtlebot3_msgs/lib/libturtlebot3_msgs__rosidl_typesupport_c.so
[1.847s] -- Up-to-date: /home/akhil/turtlebot3_ws/install/turtlebot3_msgs/lib/libturtlebot3_msgs__rosidl_typesupport_introspection_cpp.so
[1.848s] -- Up-to-date: /home/akhil/turtlebot3_ws/install/turtlebot3_msgs/lib/libturtlebot3_msgs__rosidl_typesupport_cpp.so
[1.921s] Listing '/home/akhil/turtlebot3_ws/install/turtlebot3_msgs/lib/python3.12/site-packages/turtlebot3_msgs'...
[1.921s] Listing '/home/akhil/turtlebot3_ws/install/turtlebot3_msgs/lib/python3.12/site-packages/turtlebot3_msgs/action'...
[1.922s] Listing '/home/akhil/turtlebot3_ws/install/turtlebot3_msgs/lib/python3.12/site-packages/turtlebot3_msgs/msg'...
[1.922s] Listing '/home/akhil/turtlebot3_ws/install/turtlebot3_msgs/lib/python3.12/site-packages/turtlebot3_msgs/srv'...
[1.931s] -- Up-to-date: /home/akhil/turtlebot3_ws/install/turtlebot3_msgs/lib/libturtlebot3_msgs__rosidl_generator_py.so
[1.936s] -- Up-to-date: /home/akhil/turtlebot3_ws/install/turtlebot3_msgs/share/turtlebot3_msgs/cmake/export_turtlebot3_msgs__rosidl_generator_cExport.cmake
[1.937s] -- Up-to-date: /home/akhil/turtlebot3_ws/install/turtlebot3_msgs/share/turtlebot3_msgs/cmake/export_turtlebot3_msgs__rosidl_generator_cExport-noconfig.cmake
[1.937s] -- Up-to-date: /home/akhil/turtlebot3_ws/install/turtlebot3_msgs/share/turtlebot3_msgs/cmake/export_turtlebot3_msgs__rosidl_typesupport_fastrtps_cExport.cmake
[1.937s] -- Up-to-date: /home/akhil/turtlebot3_ws/install/turtlebot3_msgs/share/turtlebot3_msgs/cmake/export_turtlebot3_msgs__rosidl_typesupport_fastrtps_cExport-noconfig.cmake
[1.937s] -- Up-to-date: /home/akhil/turtlebot3_ws/install/turtlebot3_msgs/share/turtlebot3_msgs/cmake/export_turtlebot3_msgs__rosidl_generator_cppExport.cmake
[1.938s] -- Up-to-date: /home/akhil/turtlebot3_ws/install/turtlebot3_msgs/share/turtlebot3_msgs/cmake/export_turtlebot3_msgs__rosidl_typesupport_fastrtps_cppExport.cmake
[1.938s] -- Up-to-date: /home/akhil/turtlebot3_ws/install/turtlebot3_msgs/share/turtlebot3_msgs/cmake/export_turtlebot3_msgs__rosidl_typesupport_fastrtps_cppExport-noconfig.cmake
[1.938s] -- Up-to-date: /home/akhil/turtlebot3_ws/install/turtlebot3_msgs/share/turtlebot3_msgs/cmake/turtlebot3_msgs__rosidl_typesupport_introspection_cExport.cmake
[1.939s] -- Up-to-date: /home/akhil/turtlebot3_ws/install/turtlebot3_msgs/share/turtlebot3_msgs/cmake/turtlebot3_msgs__rosidl_typesupport_introspection_cExport-noconfig.cmake
[1.939s] -- Up-to-date: /home/akhil/turtlebot3_ws/install/turtlebot3_msgs/share/turtlebot3_msgs/cmake/turtlebot3_msgs__rosidl_typesupport_cExport.cmake
[1.939s] -- Up-to-date: /home/akhil/turtlebot3_ws/install/turtlebot3_msgs/share/turtlebot3_msgs/cmake/turtlebot3_msgs__rosidl_typesupport_cExport-noconfig.cmake
[1.939s] -- Up-to-date: /home/akhil/turtlebot3_ws/install/turtlebot3_msgs/share/turtlebot3_msgs/cmake/turtlebot3_msgs__rosidl_typesupport_introspection_cppExport.cmake
[1.939s] -- Up-to-date: /home/akhil/turtlebot3_ws/install/turtlebot3_msgs/share/turtlebot3_msgs/cmake/turtlebot3_msgs__rosidl_typesupport_introspection_cppExport-noconfig.cmake
[1.940s] -- Up-to-date: /home/akhil/turtlebot3_ws/install/turtlebot3_msgs/share/turtlebot3_msgs/cmake/turtlebot3_msgs__rosidl_typesupport_cppExport.cmake
[1.940s] -- Up-to-date: /home/akhil/turtlebot3_ws/install/turtlebot3_msgs/share/turtlebot3_msgs/cmake/turtlebot3_msgs__rosidl_typesupport_cppExport-noconfig.cmake
[1.941s] -- Up-to-date: /home/akhil/turtlebot3_ws/install/turtlebot3_msgs/share/turtlebot3_msgs/cmake/export_turtlebot3_msgs__rosidl_generator_pyExport.cmake
[1.941s] -- Up-to-date: /home/akhil/turtlebot3_ws/install/turtlebot3_msgs/share/turtlebot3_msgs/cmake/export_turtlebot3_msgs__rosidl_generator_pyExport-noconfig.cmake
[1.944s] Invoked command in '/home/akhil/turtlebot3_ws/build/turtlebot3_msgs' returned '0': CMAKE_PREFIX_PATH=${CMAKE_PREFIX_PATH}:/home/akhil/turtlebot3_ws/install/turtlebot3_teleop:/home/akhil/turtlebot3_ws/install/turtlebot3_example:/opt/ros/jazzy DEBUGINFOD_URLS=https://debuginfod.ubuntu.com /usr/bin/cmake --install /home/akhil/turtlebot3_ws/build/turtlebot3_msgs
