[11.739s] Invoking command in '/home/akhil/turtlebot3_ws/build/turtlebot3_teleop': DEBUGINFOD_URLS=https://debuginfod.ubuntu.com PYTHONPATH=/home/akhil/turtlebot3_ws/build/turtlebot3_teleop/prefix_override:/usr/lib/python3/dist-packages/colcon_core/task/python/colcon_distutils_commands:/home/akhil/turtlebot3_ws/install/turtlebot3_teleop/lib/python3.12/site-packages:${PYTHONPATH} /usr/bin/python3 -W ignore:setup.py install is deprecated -W ignore:easy_install command is deprecated setup.py develop --editable --build-directory /home/akhil/turtlebot3_ws/build/turtlebot3_teleop/build --no-deps symlink_data
[14.707s] running develop
[16.769s] running egg_info
[16.769s] creating turtlebot3_teleop.egg-info
[16.909s] writing turtlebot3_teleop.egg-info/PKG-INFO
[16.910s] writing dependency_links to turtlebot3_teleop.egg-info/dependency_links.txt
[16.910s] writing entry points to turtlebot3_teleop.egg-info/entry_points.txt
[16.911s] writing requirements to turtlebot3_teleop.egg-info/requires.txt
[16.912s] writing top-level names to turtlebot3_teleop.egg-info/top_level.txt
[16.912s] writing manifest file 'turtlebot3_teleop.egg-info/SOURCES.txt'
[17.257s] reading manifest file 'turtlebot3_teleop.egg-info/SOURCES.txt'
[17.260s] writing manifest file 'turtlebot3_teleop.egg-info/SOURCES.txt'
[17.462s] running build_ext
[17.462s] Creating /home/akhil/turtlebot3_ws/install/turtlebot3_teleop/lib/python3.12/site-packages/turtlebot3-teleop.egg-link (link to .)
[17.465s] Installing teleop_keyboard script to /home/akhil/turtlebot3_ws/install/turtlebot3_teleop/lib/turtlebot3_teleop
[17.466s] 
[17.466s] Installed /home/akhil/turtlebot3_ws/build/turtlebot3_teleop
[17.467s] running symlink_data
[17.468s] creating /home/akhil/turtlebot3_ws/install/turtlebot3_teleop/share/ament_index
[17.468s] creating /home/akhil/turtlebot3_ws/install/turtlebot3_teleop/share/ament_index/resource_index
[17.469s] creating /home/akhil/turtlebot3_ws/install/turtlebot3_teleop/share/ament_index/resource_index/packages
[17.469s] symbolically linking /home/akhil/turtlebot3_ws/build/turtlebot3_teleop/resource/turtlebot3_teleop -> /home/akhil/turtlebot3_ws/install/turtlebot3_teleop/share/ament_index/resource_index/packages
[17.470s] symbolically linking /home/akhil/turtlebot3_ws/build/turtlebot3_teleop/package.xml -> /home/akhil/turtlebot3_ws/install/turtlebot3_teleop/share/turtlebot3_teleop
[17.582s] Invoked command in '/home/akhil/turtlebot3_ws/build/turtlebot3_teleop' returned '0': DEBUGINFOD_URLS=https://debuginfod.ubuntu.com PYTHONPATH=/home/akhil/turtlebot3_ws/build/turtlebot3_teleop/prefix_override:/usr/lib/python3/dist-packages/colcon_core/task/python/colcon_distutils_commands:/home/akhil/turtlebot3_ws/install/turtlebot3_teleop/lib/python3.12/site-packages:${PYTHONPATH} /usr/bin/python3 -W ignore:setup.py install is deprecated -W ignore:easy_install command is deprecated setup.py develop --editable --build-directory /home/akhil/turtlebot3_ws/build/turtlebot3_teleop/build --no-deps symlink_data
