[0.153s] Invoking command in '/home/akhil/turtlebot3_ws/build/dynamixel_sdk_examples': AMENT_PREFIX_PATH=/home/akhil/turtlebot3_ws/install/dynamixel_sdk_custom_interfaces:/home/akhil/turtlebot3_ws/install/dynamixel_sdk:${AMENT_PREFIX_PATH} CMAKE_PREFIX_PATH=/home/akhil/turtlebot3_ws/install/dynamixel_sdk_custom_interfaces:/home/akhil/turtlebot3_ws/install/dynamixel_sdk:/home/akhil/panda_arm/install/pick_and_plcae_nodes:/home/akhil/panda_arm/install/my_pcl_processor:/home/akhil/panda_arm/install/pick_and_plcae_interface_pkg:/home/akhil/panda_arm/install/panda_moveit_control:/home/akhil/panda_arm/install/panda_moveit_config:/home/akhil/panda_arm/install/panda_description:/home/akhil/panda_arm/install/feature_extractor_pkg:/opt/ros/jazzy/opt/gz_sim_vendor:/opt/ros/jazzy/opt/gz_sensors_vendor:/opt/ros/jazzy/opt/gz_physics_vendor:/opt/ros/jazzy/opt/sdformat_vendor:/opt/ros/jazzy/opt/gz_gui_vendor:/opt/ros/jazzy/opt/gz_transport_vendor:/opt/ros/jazzy/opt/gz_rendering_vendor:/opt/ros/jazzy/opt/gz_plugin_vendor:/opt/ros/jazzy/opt/gz_fuel_tools_vendor:/opt/ros/jazzy/opt/gz_msgs_vendor:/opt/ros/jazzy/opt/gz_common_vendor:/opt/ros/jazzy/opt/gz_math_vendor:/opt/ros/jazzy/opt/gz_utils_vendor:/opt/ros/jazzy/opt/gz_tools_vendor:/opt/ros/jazzy/opt/gz_ogre_next_vendor:/opt/ros/jazzy/opt/gz_dartsim_vendor:/opt/ros/jazzy/opt/gz_cmake_vendor:/opt/ros/jazzy DEBUGINFOD_URLS=https://debuginfod.ubuntu.com LD_LIBRARY_PATH=/home/akhil/turtlebot3_ws/install/dynamixel_sdk_custom_interfaces/lib:/home/akhil/turtlebot3_ws/install/dynamixel_sdk/lib:${LD_LIBRARY_PATH} PYTHONPATH=/home/akhil/turtlebot3_ws/install/dynamixel_sdk_custom_interfaces/lib/python3.12/site-packages:/home/akhil/turtlebot3_ws/install/dynamixel_sdk/lib/python3.12/site-packages:${PYTHONPATH} /usr/bin/cmake /home/akhil/turtlebot3_ws/src/DynamixelSDK/ros/dynamixel_sdk_examples -DAMENT_CMAKE_SYMLINK_INSTALL=1 -DCMAKE_INSTALL_PREFIX=/home/akhil/turtlebot3_ws/install/dynamixel_sdk_examples
[0.788s] -- The C compiler identification is GNU 13.3.0
[1.283s] -- The CXX compiler identification is GNU 13.3.0
[1.479s] -- Detecting C compiler ABI info
[2.309s] -- Detecting C compiler ABI info - done
[2.480s] -- Check for working C compiler: /usr/bin/cc - skipped
[2.481s] -- Detecting C compile features
[2.486s] -- Detecting C compile features - done
[2.594s] -- Detecting CXX compiler ABI info
[3.507s] -- Detecting CXX compiler ABI info - done
[3.588s] -- Check for working CXX compiler: /usr/bin/c++ - skipped
[3.591s] -- Detecting CXX compile features
[3.597s] -- Detecting CXX compile features - done
[3.635s] -- Found ament_cmake: 2.5.4 (/opt/ros/jazzy/share/ament_cmake/cmake)
[4.976s] -- Found Python3: /usr/bin/python3 (found version "3.12.3") found components: Interpreter 
[5.426s] -- Override CMake install command with custom implementation using symlinks instead of copying resources
[5.864s] -- Found dynamixel_sdk: 3.8.4 (/home/akhil/turtlebot3_ws/install/dynamixel_sdk/share/dynamixel_sdk/cmake)
[5.882s] -- Found dynamixel_sdk_custom_interfaces: 3.8.4 (/home/akhil/turtlebot3_ws/install/dynamixel_sdk_custom_interfaces/share/dynamixel_sdk_custom_interfaces/cmake)
[6.344s] -- Found rosidl_generator_c: 4.6.6 (/opt/ros/jazzy/share/rosidl_generator_c/cmake)
[6.494s] -- Found rosidl_generator_cpp: 4.6.6 (/opt/ros/jazzy/share/rosidl_generator_cpp/cmake)
[6.650s] -- Using all available rosidl_typesupport_c: rosidl_typesupport_fastrtps_c;rosidl_typesupport_introspection_c
[6.807s] -- Using all available rosidl_typesupport_cpp: rosidl_typesupport_fastrtps_cpp;rosidl_typesupport_introspection_cpp
[7.237s] -- Found rclcpp: 28.1.12 (/opt/ros/jazzy/share/rclcpp/cmake)
[7.753s] -- Found rmw_implementation_cmake: 7.3.2 (/opt/ros/jazzy/share/rmw_implementation_cmake/cmake)
[7.798s] -- Found rmw_fastrtps_cpp: 8.4.3 (/opt/ros/jazzy/share/rmw_fastrtps_cpp/cmake)
[8.436s] -- Found OpenSSL: /usr/lib/x86_64-linux-gnu/libcrypto.so (found version "3.0.13")  
[8.578s] -- Found FastRTPS: /opt/ros/jazzy/include (Required is at least version "2.13") 
[8.721s] -- Using RMW implementation 'rmw_fastrtps_cpp' as default
[9.432s] -- Found rclpy: 7.1.5 (/opt/ros/jazzy/share/rclpy/cmake)
[9.463s] -- Found ament_lint_auto: 0.17.3 (/opt/ros/jazzy/share/ament_lint_auto/cmake)
[10.219s] -- Added test 'copyright' to check source files copyright and LICENSE
[10.228s] -- Added test 'cppcheck' to perform static code analysis on C / C++ code
[10.229s] -- Configured cppcheck include dirs: /home/akhil/turtlebot3_ws/src/DynamixelSDK/ros/dynamixel_sdk_examples/include
[10.229s] -- Configured cppcheck exclude dirs and/or files: 
[10.236s] -- Added test 'cpplint' to check C / C++ code against the Google style
[10.237s] -- Configured cpplint exclude dirs and/or files: 
[10.242s] -- Added test 'flake8' to check Python code syntax and style conventions
[10.243s] -- Configured 'flake8' exclude dirs and/or files: 
[10.248s] -- Added test 'lint_cmake' to check CMake code style
[10.253s] -- Added test 'pep257' to check Python code against some of the docstring style conventions in PEP 257
[10.261s] -- Added test 'uncrustify' to check C / C++ code style
[10.261s] -- Configured uncrustify additional arguments: 
[10.266s] -- Added test 'xmllint' to check XML markup files
[10.280s] -- Configuring done (10.0s)
[10.343s] -- Generating done (0.0s)
[10.365s] -- Build files have been written to: /home/akhil/turtlebot3_ws/build/dynamixel_sdk_examples
[10.409s] Invoked command in '/home/akhil/turtlebot3_ws/build/dynamixel_sdk_examples' returned '0': AMENT_PREFIX_PATH=/home/akhil/turtlebot3_ws/install/dynamixel_sdk_custom_interfaces:/home/akhil/turtlebot3_ws/install/dynamixel_sdk:${AMENT_PREFIX_PATH} CMAKE_PREFIX_PATH=/home/akhil/turtlebot3_ws/install/dynamixel_sdk_custom_interfaces:/home/akhil/turtlebot3_ws/install/dynamixel_sdk:/home/akhil/panda_arm/install/pick_and_plcae_nodes:/home/akhil/panda_arm/install/my_pcl_processor:/home/akhil/panda_arm/install/pick_and_plcae_interface_pkg:/home/akhil/panda_arm/install/panda_moveit_control:/home/akhil/panda_arm/install/panda_moveit_config:/home/akhil/panda_arm/install/panda_description:/home/akhil/panda_arm/install/feature_extractor_pkg:/opt/ros/jazzy/opt/gz_sim_vendor:/opt/ros/jazzy/opt/gz_sensors_vendor:/opt/ros/jazzy/opt/gz_physics_vendor:/opt/ros/jazzy/opt/sdformat_vendor:/opt/ros/jazzy/opt/gz_gui_vendor:/opt/ros/jazzy/opt/gz_transport_vendor:/opt/ros/jazzy/opt/gz_rendering_vendor:/opt/ros/jazzy/opt/gz_plugin_vendor:/opt/ros/jazzy/opt/gz_fuel_tools_vendor:/opt/ros/jazzy/opt/gz_msgs_vendor:/opt/ros/jazzy/opt/gz_common_vendor:/opt/ros/jazzy/opt/gz_math_vendor:/opt/ros/jazzy/opt/gz_utils_vendor:/opt/ros/jazzy/opt/gz_tools_vendor:/opt/ros/jazzy/opt/gz_ogre_next_vendor:/opt/ros/jazzy/opt/gz_dartsim_vendor:/opt/ros/jazzy/opt/gz_cmake_vendor:/opt/ros/jazzy DEBUGINFOD_URLS=https://debuginfod.ubuntu.com LD_LIBRARY_PATH=/home/akhil/turtlebot3_ws/install/dynamixel_sdk_custom_interfaces/lib:/home/akhil/turtlebot3_ws/install/dynamixel_sdk/lib:${LD_LIBRARY_PATH} PYTHONPATH=/home/akhil/turtlebot3_ws/install/dynamixel_sdk_custom_interfaces/lib/python3.12/site-packages:/home/akhil/turtlebot3_ws/install/dynamixel_sdk/lib/python3.12/site-packages:${PYTHONPATH} /usr/bin/cmake /home/akhil/turtlebot3_ws/src/DynamixelSDK/ros/dynamixel_sdk_examples -DAMENT_CMAKE_SYMLINK_INSTALL=1 -DCMAKE_INSTALL_PREFIX=/home/akhil/turtlebot3_ws/install/dynamixel_sdk_examples
[10.411s] Invoking command in '/home/akhil/turtlebot3_ws/build/dynamixel_sdk_examples': AMENT_PREFIX_PATH=/home/akhil/turtlebot3_ws/install/dynamixel_sdk_custom_interfaces:/home/akhil/turtlebot3_ws/install/dynamixel_sdk:${AMENT_PREFIX_PATH} CMAKE_PREFIX_PATH=/home/akhil/turtlebot3_ws/install/dynamixel_sdk_custom_interfaces:/home/akhil/turtlebot3_ws/install/dynamixel_sdk:/home/akhil/panda_arm/install/pick_and_plcae_nodes:/home/akhil/panda_arm/install/my_pcl_processor:/home/akhil/panda_arm/install/pick_and_plcae_interface_pkg:/home/akhil/panda_arm/install/panda_moveit_control:/home/akhil/panda_arm/install/panda_moveit_config:/home/akhil/panda_arm/install/panda_description:/home/akhil/panda_arm/install/feature_extractor_pkg:/opt/ros/jazzy/opt/gz_sim_vendor:/opt/ros/jazzy/opt/gz_sensors_vendor:/opt/ros/jazzy/opt/gz_physics_vendor:/opt/ros/jazzy/opt/sdformat_vendor:/opt/ros/jazzy/opt/gz_gui_vendor:/opt/ros/jazzy/opt/gz_transport_vendor:/opt/ros/jazzy/opt/gz_rendering_vendor:/opt/ros/jazzy/opt/gz_plugin_vendor:/opt/ros/jazzy/opt/gz_fuel_tools_vendor:/opt/ros/jazzy/opt/gz_msgs_vendor:/opt/ros/jazzy/opt/gz_common_vendor:/opt/ros/jazzy/opt/gz_math_vendor:/opt/ros/jazzy/opt/gz_utils_vendor:/opt/ros/jazzy/opt/gz_tools_vendor:/opt/ros/jazzy/opt/gz_ogre_next_vendor:/opt/ros/jazzy/opt/gz_dartsim_vendor:/opt/ros/jazzy/opt/gz_cmake_vendor:/opt/ros/jazzy DEBUGINFOD_URLS=https://debuginfod.ubuntu.com LD_LIBRARY_PATH=/home/akhil/turtlebot3_ws/install/dynamixel_sdk_custom_interfaces/lib:/home/akhil/turtlebot3_ws/install/dynamixel_sdk/lib:${LD_LIBRARY_PATH} PYTHONPATH=/home/akhil/turtlebot3_ws/install/dynamixel_sdk_custom_interfaces/lib/python3.12/site-packages:/home/akhil/turtlebot3_ws/install/dynamixel_sdk/lib/python3.12/site-packages:${PYTHONPATH} /usr/bin/cmake --build /home/akhil/turtlebot3_ws/build/dynamixel_sdk_examples -- -j8 -l8
[10.648s] [ 50%] [32mBuilding CXX object CMakeFiles/read_write_node.dir/src/read_write_node.cpp.o[0m
[39.372s] [100%] [32m[1mLinking CXX executable read_write_node[0m
[40.508s] [100%] Built target read_write_node
[41.344s] Invoked command in '/home/akhil/turtlebot3_ws/build/dynamixel_sdk_examples' returned '0': AMENT_PREFIX_PATH=/home/akhil/turtlebot3_ws/install/dynamixel_sdk_custom_interfaces:/home/akhil/turtlebot3_ws/install/dynamixel_sdk:${AMENT_PREFIX_PATH} CMAKE_PREFIX_PATH=/home/akhil/turtlebot3_ws/install/dynamixel_sdk_custom_interfaces:/home/akhil/turtlebot3_ws/install/dynamixel_sdk:/home/akhil/panda_arm/install/pick_and_plcae_nodes:/home/akhil/panda_arm/install/my_pcl_processor:/home/akhil/panda_arm/install/pick_and_plcae_interface_pkg:/home/akhil/panda_arm/install/panda_moveit_control:/home/akhil/panda_arm/install/panda_moveit_config:/home/akhil/panda_arm/install/panda_description:/home/akhil/panda_arm/install/feature_extractor_pkg:/opt/ros/jazzy/opt/gz_sim_vendor:/opt/ros/jazzy/opt/gz_sensors_vendor:/opt/ros/jazzy/opt/gz_physics_vendor:/opt/ros/jazzy/opt/sdformat_vendor:/opt/ros/jazzy/opt/gz_gui_vendor:/opt/ros/jazzy/opt/gz_transport_vendor:/opt/ros/jazzy/opt/gz_rendering_vendor:/opt/ros/jazzy/opt/gz_plugin_vendor:/opt/ros/jazzy/opt/gz_fuel_tools_vendor:/opt/ros/jazzy/opt/gz_msgs_vendor:/opt/ros/jazzy/opt/gz_common_vendor:/opt/ros/jazzy/opt/gz_math_vendor:/opt/ros/jazzy/opt/gz_utils_vendor:/opt/ros/jazzy/opt/gz_tools_vendor:/opt/ros/jazzy/opt/gz_ogre_next_vendor:/opt/ros/jazzy/opt/gz_dartsim_vendor:/opt/ros/jazzy/opt/gz_cmake_vendor:/opt/ros/jazzy DEBUGINFOD_URLS=https://debuginfod.ubuntu.com LD_LIBRARY_PATH=/home/akhil/turtlebot3_ws/install/dynamixel_sdk_custom_interfaces/lib:/home/akhil/turtlebot3_ws/install/dynamixel_sdk/lib:${LD_LIBRARY_PATH} PYTHONPATH=/home/akhil/turtlebot3_ws/install/dynamixel_sdk_custom_interfaces/lib/python3.12/site-packages:/home/akhil/turtlebot3_ws/install/dynamixel_sdk/lib/python3.12/site-packages:${PYTHONPATH} /usr/bin/cmake --build /home/akhil/turtlebot3_ws/build/dynamixel_sdk_examples -- -j8 -l8
[41.350s] Invoking command in '/home/akhil/turtlebot3_ws/build/dynamixel_sdk_examples': AMENT_PREFIX_PATH=/home/akhil/turtlebot3_ws/install/dynamixel_sdk_custom_interfaces:/home/akhil/turtlebot3_ws/install/dynamixel_sdk:${AMENT_PREFIX_PATH} CMAKE_PREFIX_PATH=/home/akhil/turtlebot3_ws/install/dynamixel_sdk_custom_interfaces:/home/akhil/turtlebot3_ws/install/dynamixel_sdk:/home/akhil/panda_arm/install/pick_and_plcae_nodes:/home/akhil/panda_arm/install/my_pcl_processor:/home/akhil/panda_arm/install/pick_and_plcae_interface_pkg:/home/akhil/panda_arm/install/panda_moveit_control:/home/akhil/panda_arm/install/panda_moveit_config:/home/akhil/panda_arm/install/panda_description:/home/akhil/panda_arm/install/feature_extractor_pkg:/opt/ros/jazzy/opt/gz_sim_vendor:/opt/ros/jazzy/opt/gz_sensors_vendor:/opt/ros/jazzy/opt/gz_physics_vendor:/opt/ros/jazzy/opt/sdformat_vendor:/opt/ros/jazzy/opt/gz_gui_vendor:/opt/ros/jazzy/opt/gz_transport_vendor:/opt/ros/jazzy/opt/gz_rendering_vendor:/opt/ros/jazzy/opt/gz_plugin_vendor:/opt/ros/jazzy/opt/gz_fuel_tools_vendor:/opt/ros/jazzy/opt/gz_msgs_vendor:/opt/ros/jazzy/opt/gz_common_vendor:/opt/ros/jazzy/opt/gz_math_vendor:/opt/ros/jazzy/opt/gz_utils_vendor:/opt/ros/jazzy/opt/gz_tools_vendor:/opt/ros/jazzy/opt/gz_ogre_next_vendor:/opt/ros/jazzy/opt/gz_dartsim_vendor:/opt/ros/jazzy/opt/gz_cmake_vendor:/opt/ros/jazzy DEBUGINFOD_URLS=https://debuginfod.ubuntu.com LD_LIBRARY_PATH=/home/akhil/turtlebot3_ws/install/dynamixel_sdk_custom_interfaces/lib:/home/akhil/turtlebot3_ws/install/dynamixel_sdk/lib:${LD_LIBRARY_PATH} PYTHONPATH=/home/akhil/turtlebot3_ws/install/dynamixel_sdk_custom_interfaces/lib/python3.12/site-packages:/home/akhil/turtlebot3_ws/install/dynamixel_sdk/lib/python3.12/site-packages:${PYTHONPATH} /usr/bin/cmake --install /home/akhil/turtlebot3_ws/build/dynamixel_sdk_examples
[41.389s] -- Install configuration: ""
[41.391s] -- Execute custom install script
[41.393s] -- Symlinking: /home/akhil/turtlebot3_ws/install/dynamixel_sdk_examples/lib/dynamixel_sdk_examples/read_write_node
[41.438s] -- Symlinking: /home/akhil/turtlebot3_ws/install/dynamixel_sdk_examples/lib/dynamixel_sdk_examples/read_write_node.py
[41.479s] -- Symlinking: /home/akhil/turtlebot3_ws/install/dynamixel_sdk_examples/share/ament_index/resource_index/package_run_dependencies/dynamixel_sdk_examples
[41.521s] -- Symlinking: /home/akhil/turtlebot3_ws/install/dynamixel_sdk_examples/share/ament_index/resource_index/parent_prefix_path/dynamixel_sdk_examples
[41.562s] -- Symlinking: /home/akhil/turtlebot3_ws/install/dynamixel_sdk_examples/share/dynamixel_sdk_examples/environment/ament_prefix_path.sh
[41.606s] -- Symlinking: /home/akhil/turtlebot3_ws/install/dynamixel_sdk_examples/share/dynamixel_sdk_examples/environment/ament_prefix_path.dsv
[41.645s] -- Symlinking: /home/akhil/turtlebot3_ws/install/dynamixel_sdk_examples/share/dynamixel_sdk_examples/environment/path.sh
[41.676s] -- Symlinking: /home/akhil/turtlebot3_ws/install/dynamixel_sdk_examples/share/dynamixel_sdk_examples/environment/path.dsv
[41.708s] -- Symlinking: /home/akhil/turtlebot3_ws/install/dynamixel_sdk_examples/share/dynamixel_sdk_examples/local_setup.bash
[41.743s] -- Symlinking: /home/akhil/turtlebot3_ws/install/dynamixel_sdk_examples/share/dynamixel_sdk_examples/local_setup.sh
[41.785s] -- Symlinking: /home/akhil/turtlebot3_ws/install/dynamixel_sdk_examples/share/dynamixel_sdk_examples/local_setup.zsh
[41.826s] -- Symlinking: /home/akhil/turtlebot3_ws/install/dynamixel_sdk_examples/share/dynamixel_sdk_examples/local_setup.dsv
[41.865s] -- Symlinking: /home/akhil/turtlebot3_ws/install/dynamixel_sdk_examples/share/dynamixel_sdk_examples/package.dsv
[41.912s] -- Symlinking: /home/akhil/turtlebot3_ws/install/dynamixel_sdk_examples/share/ament_index/resource_index/packages/dynamixel_sdk_examples
[41.955s] -- Symlinking: /home/akhil/turtlebot3_ws/install/dynamixel_sdk_examples/share/dynamixel_sdk_examples/cmake/dynamixel_sdk_examplesConfig.cmake
[42.000s] -- Symlinking: /home/akhil/turtlebot3_ws/install/dynamixel_sdk_examples/share/dynamixel_sdk_examples/cmake/dynamixel_sdk_examplesConfig-version.cmake
[42.045s] -- Symlinking: /home/akhil/turtlebot3_ws/install/dynamixel_sdk_examples/share/dynamixel_sdk_examples/package.xml
[42.087s] Invoked command in '/home/akhil/turtlebot3_ws/build/dynamixel_sdk_examples' returned '0': AMENT_PREFIX_PATH=/home/akhil/turtlebot3_ws/install/dynamixel_sdk_custom_interfaces:/home/akhil/turtlebot3_ws/install/dynamixel_sdk:${AMENT_PREFIX_PATH} CMAKE_PREFIX_PATH=/home/akhil/turtlebot3_ws/install/dynamixel_sdk_custom_interfaces:/home/akhil/turtlebot3_ws/install/dynamixel_sdk:/home/akhil/panda_arm/install/pick_and_plcae_nodes:/home/akhil/panda_arm/install/my_pcl_processor:/home/akhil/panda_arm/install/pick_and_plcae_interface_pkg:/home/akhil/panda_arm/install/panda_moveit_control:/home/akhil/panda_arm/install/panda_moveit_config:/home/akhil/panda_arm/install/panda_description:/home/akhil/panda_arm/install/feature_extractor_pkg:/opt/ros/jazzy/opt/gz_sim_vendor:/opt/ros/jazzy/opt/gz_sensors_vendor:/opt/ros/jazzy/opt/gz_physics_vendor:/opt/ros/jazzy/opt/sdformat_vendor:/opt/ros/jazzy/opt/gz_gui_vendor:/opt/ros/jazzy/opt/gz_transport_vendor:/opt/ros/jazzy/opt/gz_rendering_vendor:/opt/ros/jazzy/opt/gz_plugin_vendor:/opt/ros/jazzy/opt/gz_fuel_tools_vendor:/opt/ros/jazzy/opt/gz_msgs_vendor:/opt/ros/jazzy/opt/gz_common_vendor:/opt/ros/jazzy/opt/gz_math_vendor:/opt/ros/jazzy/opt/gz_utils_vendor:/opt/ros/jazzy/opt/gz_tools_vendor:/opt/ros/jazzy/opt/gz_ogre_next_vendor:/opt/ros/jazzy/opt/gz_dartsim_vendor:/opt/ros/jazzy/opt/gz_cmake_vendor:/opt/ros/jazzy DEBUGINFOD_URLS=https://debuginfod.ubuntu.com LD_LIBRARY_PATH=/home/akhil/turtlebot3_ws/install/dynamixel_sdk_custom_interfaces/lib:/home/akhil/turtlebot3_ws/install/dynamixel_sdk/lib:${LD_LIBRARY_PATH} PYTHONPATH=/home/akhil/turtlebot3_ws/install/dynamixel_sdk_custom_interfaces/lib/python3.12/site-packages:/home/akhil/turtlebot3_ws/install/dynamixel_sdk/lib/python3.12/site-packages:${PYTHONPATH} /usr/bin/cmake --install /home/akhil/turtlebot3_ws/build/dynamixel_sdk_examples
