[0.054s] Invoking command in '/home/akhil/turtlebot3_ws/build/turtlebot3_cartographer': CMAKE_PREFIX_PATH=${CMAKE_PREFIX_PATH}:/home/akhil/turtlebot3_ws/install/turtlebot3_teleop:/home/akhil/turtlebot3_ws/install/turtlebot3_example:/opt/ros/jazzy DEBUGINFOD_URLS=https://debuginfod.ubuntu.com /usr/bin/cmake --build /home/akhil/turtlebot3_ws/build/turtlebot3_cartographer -- -j8 -l8
[1.048s] Invoked command in '/home/akhil/turtlebot3_ws/build/turtlebot3_cartographer' returned '0': CMAKE_PREFIX_PATH=${CMAKE_PREFIX_PATH}:/home/akhil/turtlebot3_ws/install/turtlebot3_teleop:/home/akhil/turtlebot3_ws/install/turtlebot3_example:/opt/ros/jazzy DEBUGINFOD_URLS=https://debuginfod.ubuntu.com /usr/bin/cmake --build /home/akhil/turtlebot3_ws/build/turtlebot3_cartographer -- -j8 -l8
[1.070s] Invoking command in '/home/akhil/turtlebot3_ws/build/turtlebot3_cartographer': CMAKE_PREFIX_PATH=${CMAKE_PREFIX_PATH}:/home/akhil/turtlebot3_ws/install/turtlebot3_teleop:/home/akhil/turtlebot3_ws/install/turtlebot3_example:/opt/ros/jazzy DEBUGINFOD_URLS=https://debuginfod.ubuntu.com /usr/bin/cmake --install /home/akhil/turtlebot3_ws/build/turtlebot3_cartographer
[1.097s] -- Install configuration: ""
[1.101s] -- Execute custom install script
[1.101s] -- Up-to-date symlink: /home/akhil/turtlebot3_ws/install/turtlebot3_cartographer/share/turtlebot3_cartographer/config/turtlebot3_lds_2d.lua
[1.102s] -- Up-to-date symlink: /home/akhil/turtlebot3_ws/install/turtlebot3_cartographer/share/turtlebot3_cartographer/launch/cartographer.launch.py
[1.102s] -- Up-to-date symlink: /home/akhil/turtlebot3_ws/install/turtlebot3_cartographer/share/turtlebot3_cartographer/launch/occupancy_grid.launch.py
[1.102s] -- Up-to-date symlink: /home/akhil/turtlebot3_ws/install/turtlebot3_cartographer/share/turtlebot3_cartographer/rviz/tb3_cartographer.rviz
[1.103s] -- Up-to-date symlink: /home/akhil/turtlebot3_ws/install/turtlebot3_cartographer/share/ament_index/resource_index/package_run_dependencies/turtlebot3_cartographer
[1.104s] -- Up-to-date symlink: /home/akhil/turtlebot3_ws/install/turtlebot3_cartographer/share/ament_index/resource_index/parent_prefix_path/turtlebot3_cartographer
[1.104s] -- Up-to-date symlink: /home/akhil/turtlebot3_ws/install/turtlebot3_cartographer/share/turtlebot3_cartographer/environment/ament_prefix_path.sh
[1.108s] -- Up-to-date symlink: /home/akhil/turtlebot3_ws/install/turtlebot3_cartographer/share/turtlebot3_cartographer/environment/ament_prefix_path.dsv
[1.109s] -- Up-to-date symlink: /home/akhil/turtlebot3_ws/install/turtlebot3_cartographer/share/turtlebot3_cartographer/environment/path.sh
[1.109s] -- Up-to-date symlink: /home/akhil/turtlebot3_ws/install/turtlebot3_cartographer/share/turtlebot3_cartographer/environment/path.dsv
[1.110s] -- Up-to-date symlink: /home/akhil/turtlebot3_ws/install/turtlebot3_cartographer/share/turtlebot3_cartographer/local_setup.bash
[1.110s] -- Up-to-date symlink: /home/akhil/turtlebot3_ws/install/turtlebot3_cartographer/share/turtlebot3_cartographer/local_setup.sh
[1.110s] -- Up-to-date symlink: /home/akhil/turtlebot3_ws/install/turtlebot3_cartographer/share/turtlebot3_cartographer/local_setup.zsh
[1.110s] -- Up-to-date symlink: /home/akhil/turtlebot3_ws/install/turtlebot3_cartographer/share/turtlebot3_cartographer/local_setup.dsv
[1.111s] -- Symlinking: /home/akhil/turtlebot3_ws/install/turtlebot3_cartographer/share/turtlebot3_cartographer/package.dsv
[1.146s] -- Up-to-date symlink: /home/akhil/turtlebot3_ws/install/turtlebot3_cartographer/share/ament_index/resource_index/packages/turtlebot3_cartographer
[1.146s] -- Up-to-date symlink: /home/akhil/turtlebot3_ws/install/turtlebot3_cartographer/share/turtlebot3_cartographer/cmake/turtlebot3_cartographerConfig.cmake
[1.147s] -- Up-to-date symlink: /home/akhil/turtlebot3_ws/install/turtlebot3_cartographer/share/turtlebot3_cartographer/cmake/turtlebot3_cartographerConfig-version.cmake
[1.148s] -- Up-to-date symlink: /home/akhil/turtlebot3_ws/install/turtlebot3_cartographer/share/turtlebot3_cartographer/package.xml
[1.163s] Invoked command in '/home/akhil/turtlebot3_ws/build/turtlebot3_cartographer' returned '0': CMAKE_PREFIX_PATH=${CMAKE_PREFIX_PATH}:/home/akhil/turtlebot3_ws/install/turtlebot3_teleop:/home/akhil/turtlebot3_ws/install/turtlebot3_example:/opt/ros/jazzy DEBUGINFOD_URLS=https://debuginfod.ubuntu.com /usr/bin/cmake --install /home/akhil/turtlebot3_ws/build/turtlebot3_cartographer
